14:18:55.101 [main] INFO  n.d.jda.api.sharding.ShardManager - Login Successful!
14:18:55.457 [JDA [0 / 1] MainWS-WriteThread] INFO  n.d.j.i.requests.WebSocketClient - Connected to WebSocket
14:18:55.777 [JDA [0 / 1] MainWS-ReadThread] INFO  net.dv8tion.jda.api.JDA - Finished Loading!
14:18:55.778 [JDA [0 / 1] MainWS-ReadThread] INFO  n.c.bot.listeners.ReadyListener - Logged in as soundy DEV#3047
14:18:55.778 [JDA [0 / 1] MainWS-ReadThread] INFO  n.c.bot.listeners.ReadyListener - [0;32mBooted[0m
14:21:12.589 [main] INFO  n.d.jda.api.sharding.ShardManager - Login Successful!
14:21:12.968 [JDA [0 / 1] MainWS-WriteThread] INFO  n.d.j.i.requests.WebSocketClient - Connected to WebSocket
14:21:13.269 [JDA [0 / 1] MainWS-ReadThread] INFO  net.dv8tion.jda.api.JDA - Finished Loading!
14:21:13.270 [JDA [0 / 1] MainWS-ReadThread] INFO  n.c.bot.listeners.ReadyListener - Logged in as soundy DEV#3047
14:21:13.270 [JDA [0 / 1] MainWS-ReadThread] INFO  n.c.bot.listeners.ReadyListener - [0;32mBooted[0m
14:27:20.919 [main] INFO  n.d.jda.api.sharding.ShardManager - Login Successful!
14:27:21.300 [JDA [0 / 1] MainWS-ReadThread] INFO  n.d.j.i.requests.WebSocketClient - Connected to WebSocket
14:27:21.609 [JDA [0 / 1] MainWS-ReadThread] INFO  net.dv8tion.jda.api.JDA - Finished Loading!
14:27:21.610 [JDA [0 / 1] MainWS-ReadThread] INFO  n.c.bot.listeners.ReadyListener - Logged in as soundy DEV#3047
14:27:21.610 [JDA [0 / 1] MainWS-ReadThread] INFO  n.c.bot.listeners.ReadyListener - [0;32mBooted[0m
14:27:28.045 [JDA [0 / 1] MainWS-ReadThread] ERROR net.dv8tion.jda.api.JDA - One of the EventListeners had an uncaught exception
java.lang.NullPointerException: null
	at net.cloudybyte.bot.core.premiumcheck.PremiumTierChecker.getPremiumTier(PremiumTierChecker.java:78)
	at net.cloudybyte.bot.commands.owner.PremiumCheckCommand.handle(PremiumCheckCommand.java:20)
	at net.cloudybyte.bot.core.command.CommandManager.handleCommand(CommandManager.java:78)
	at net.cloudybyte.bot.Listener.onGuildMessageReceived(Listener.java:58)
	at net.dv8tion.jda.api.hooks.ListenerAdapter.onEvent(ListenerAdapter.java:346)
	at net.dv8tion.jda.api.hooks.InterfacedEventManager.handle(InterfacedEventManager.java:96)
	at net.dv8tion.jda.internal.hooks.EventManagerProxy.handle(EventManagerProxy.java:64)
	at net.dv8tion.jda.internal.JDAImpl.handleEvent(JDAImpl.java:151)
	at net.dv8tion.jda.internal.handle.MessageCreateHandler.handleInternally(MessageCreateHandler.java:97)
	at net.dv8tion.jda.internal.handle.SocketHandler.handle(SocketHandler.java:36)
	at net.dv8tion.jda.internal.requests.WebSocketClient.onDispatch(WebSocketClient.java:853)
	at net.dv8tion.jda.internal.requests.WebSocketClient.onEvent(WebSocketClient.java:741)
	at net.dv8tion.jda.internal.requests.WebSocketClient.handleEvent(WebSocketClient.java:720)
	at net.dv8tion.jda.internal.requests.WebSocketClient.onBinaryMessage(WebSocketClient.java:891)
	at com.neovisionaries.ws.client.ListenerManager.callOnBinaryMessage(ListenerManager.java:385)
	at com.neovisionaries.ws.client.ReadingThread.callOnBinaryMessage(ReadingThread.java:276)
	at com.neovisionaries.ws.client.ReadingThread.handleBinaryFrame(ReadingThread.java:996)
	at com.neovisionaries.ws.client.ReadingThread.handleFrame(ReadingThread.java:755)
	at com.neovisionaries.ws.client.ReadingThread.main(ReadingThread.java:108)
	at com.neovisionaries.ws.client.ReadingThread.runMain(ReadingThread.java:64)
	at com.neovisionaries.ws.client.WebSocketThread.run(WebSocketThread.java:45)
14:31:55.243 [main] INFO  n.d.jda.api.sharding.ShardManager - Login Successful!
14:31:55.605 [JDA [0 / 1] MainWS-WriteThread] INFO  n.d.j.i.requests.WebSocketClient - Connected to WebSocket
14:31:55.917 [JDA [0 / 1] MainWS-ReadThread] INFO  net.dv8tion.jda.api.JDA - Finished Loading!
14:31:55.918 [JDA [0 / 1] MainWS-ReadThread] INFO  n.c.bot.listeners.ReadyListener - Logged in as soundy DEV#3047
14:31:55.918 [JDA [0 / 1] MainWS-ReadThread] INFO  n.c.bot.listeners.ReadyListener - [0;32mBooted[0m
14:32:00.743 [JDA [0 / 1] MainWS-ReadThread] ERROR net.dv8tion.jda.api.JDA - One of the EventListeners had an uncaught exception
java.lang.NullPointerException: null
	at net.cloudybyte.bot.core.premiumcheck.PremiumTierChecker.getPremiumTier(PremiumTierChecker.java:79)
	at net.cloudybyte.bot.commands.owner.PremiumCheckCommand.handle(PremiumCheckCommand.java:20)
	at net.cloudybyte.bot.core.command.CommandManager.handleCommand(CommandManager.java:78)
	at net.cloudybyte.bot.Listener.onGuildMessageReceived(Listener.java:58)
	at net.dv8tion.jda.api.hooks.ListenerAdapter.onEvent(ListenerAdapter.java:346)
	at net.dv8tion.jda.api.hooks.InterfacedEventManager.handle(InterfacedEventManager.java:96)
	at net.dv8tion.jda.internal.hooks.EventManagerProxy.handle(EventManagerProxy.java:64)
	at net.dv8tion.jda.internal.JDAImpl.handleEvent(JDAImpl.java:151)
	at net.dv8tion.jda.internal.handle.MessageCreateHandler.handleInternally(MessageCreateHandler.java:97)
	at net.dv8tion.jda.internal.handle.SocketHandler.handle(SocketHandler.java:36)
	at net.dv8tion.jda.internal.requests.WebSocketClient.onDispatch(WebSocketClient.java:853)
	at net.dv8tion.jda.internal.requests.WebSocketClient.onEvent(WebSocketClient.java:741)
	at net.dv8tion.jda.internal.requests.WebSocketClient.handleEvent(WebSocketClient.java:720)
	at net.dv8tion.jda.internal.requests.WebSocketClient.onBinaryMessage(WebSocketClient.java:891)
	at com.neovisionaries.ws.client.ListenerManager.callOnBinaryMessage(ListenerManager.java:385)
	at com.neovisionaries.ws.client.ReadingThread.callOnBinaryMessage(ReadingThread.java:276)
	at com.neovisionaries.ws.client.ReadingThread.handleBinaryFrame(ReadingThread.java:996)
	at com.neovisionaries.ws.client.ReadingThread.handleFrame(ReadingThread.java:755)
	at com.neovisionaries.ws.client.ReadingThread.main(ReadingThread.java:108)
	at com.neovisionaries.ws.client.ReadingThread.runMain(ReadingThread.java:64)
	at com.neovisionaries.ws.client.WebSocketThread.run(WebSocketThread.java:45)
14:34:28.964 [main] INFO  n.d.jda.api.sharding.ShardManager - Login Successful!
14:34:29.321 [JDA [0 / 1] MainWS-WriteThread] INFO  n.d.j.i.requests.WebSocketClient - Connected to WebSocket
14:34:29.595 [JDA [0 / 1] MainWS-ReadThread] INFO  net.dv8tion.jda.api.JDA - Finished Loading!
14:34:29.596 [JDA [0 / 1] MainWS-ReadThread] INFO  n.c.bot.listeners.ReadyListener - Logged in as soundy DEV#3047
14:34:29.597 [JDA [0 / 1] MainWS-ReadThread] INFO  n.c.bot.listeners.ReadyListener - [0;32mBooted[0m
14:42:42.852 [main] INFO  n.d.jda.api.sharding.ShardManager - Login Successful!
14:42:43.241 [JDA [0 / 1] MainWS-WriteThread] INFO  n.d.j.i.requests.WebSocketClient - Connected to WebSocket
14:42:43.599 [JDA [0 / 1] MainWS-ReadThread] INFO  net.dv8tion.jda.api.JDA - Finished Loading!
14:42:43.600 [JDA [0 / 1] MainWS-ReadThread] INFO  n.c.bot.listeners.ReadyListener - Logged in as soundy DEV#3047
14:42:43.600 [JDA [0 / 1] MainWS-ReadThread] INFO  n.c.bot.listeners.ReadyListener - [0;32mBooted[0m
14:44:41.396 [JDA [0 / 1] MainWS-ReadThread] ERROR net.dv8tion.jda.api.JDA - One of the EventListeners had an uncaught exception
java.lang.NullPointerException: null
	at net.cloudybyte.bot.core.premiumcheck.PremiumTierChecker.getPremiumTier(PremiumTierChecker.java:90)
	at net.cloudybyte.bot.commands.owner.PremiumCheckCommand.handle(PremiumCheckCommand.java:20)
	at net.cloudybyte.bot.core.command.CommandManager.handleCommand(CommandManager.java:78)
	at net.cloudybyte.bot.Listener.onGuildMessageReceived(Listener.java:58)
	at net.dv8tion.jda.api.hooks.ListenerAdapter.onEvent(ListenerAdapter.java:346)
	at net.dv8tion.jda.api.hooks.InterfacedEventManager.handle(InterfacedEventManager.java:96)
	at net.dv8tion.jda.internal.hooks.EventManagerProxy.handle(EventManagerProxy.java:64)
	at net.dv8tion.jda.internal.JDAImpl.handleEvent(JDAImpl.java:151)
	at net.dv8tion.jda.internal.handle.MessageCreateHandler.handleInternally(MessageCreateHandler.java:97)
	at net.dv8tion.jda.internal.handle.SocketHandler.handle(SocketHandler.java:36)
	at net.dv8tion.jda.internal.requests.WebSocketClient.onDispatch(WebSocketClient.java:853)
	at net.dv8tion.jda.internal.requests.WebSocketClient.onEvent(WebSocketClient.java:741)
	at net.dv8tion.jda.internal.requests.WebSocketClient.handleEvent(WebSocketClient.java:720)
	at net.dv8tion.jda.internal.requests.WebSocketClient.onBinaryMessage(WebSocketClient.java:891)
	at com.neovisionaries.ws.client.ListenerManager.callOnBinaryMessage(ListenerManager.java:385)
	at com.neovisionaries.ws.client.ReadingThread.callOnBinaryMessage(ReadingThread.java:276)
	at com.neovisionaries.ws.client.ReadingThread.handleBinaryFrame(ReadingThread.java:996)
	at com.neovisionaries.ws.client.ReadingThread.handleFrame(ReadingThread.java:755)
	at com.neovisionaries.ws.client.ReadingThread.main(ReadingThread.java:108)
	at com.neovisionaries.ws.client.ReadingThread.runMain(ReadingThread.java:64)
	at com.neovisionaries.ws.client.WebSocketThread.run(WebSocketThread.java:45)
14:45:48.200 [main] INFO  n.d.jda.api.sharding.ShardManager - Login Successful!
14:45:48.574 [JDA [0 / 1] MainWS-ReadThread] INFO  n.d.j.i.requests.WebSocketClient - Connected to WebSocket
14:45:48.906 [JDA [0 / 1] MainWS-ReadThread] INFO  net.dv8tion.jda.api.JDA - Finished Loading!
14:45:48.907 [JDA [0 / 1] MainWS-ReadThread] INFO  n.c.bot.listeners.ReadyListener - Logged in as soundy DEV#3047
14:45:48.907 [JDA [0 / 1] MainWS-ReadThread] INFO  n.c.bot.listeners.ReadyListener - [0;32mBooted[0m
14:45:55.443 [JDA [0 / 1] MainWS-ReadThread] ERROR net.dv8tion.jda.api.JDA - One of the EventListeners had an uncaught exception
java.lang.NullPointerException: null
	at net.cloudybyte.bot.core.premiumcheck.PremiumTierChecker.getPremiumTier(PremiumTierChecker.java:91)
	at net.cloudybyte.bot.commands.owner.PremiumCheckCommand.handle(PremiumCheckCommand.java:20)
	at net.cloudybyte.bot.core.command.CommandManager.handleCommand(CommandManager.java:78)
	at net.cloudybyte.bot.Listener.onGuildMessageReceived(Listener.java:58)
	at net.dv8tion.jda.api.hooks.ListenerAdapter.onEvent(ListenerAdapter.java:346)
	at net.dv8tion.jda.api.hooks.InterfacedEventManager.handle(InterfacedEventManager.java:96)
	at net.dv8tion.jda.internal.hooks.EventManagerProxy.handle(EventManagerProxy.java:64)
	at net.dv8tion.jda.internal.JDAImpl.handleEvent(JDAImpl.java:151)
	at net.dv8tion.jda.internal.handle.MessageCreateHandler.handleInternally(MessageCreateHandler.java:97)
	at net.dv8tion.jda.internal.handle.SocketHandler.handle(SocketHandler.java:36)
	at net.dv8tion.jda.internal.requests.WebSocketClient.onDispatch(WebSocketClient.java:853)
	at net.dv8tion.jda.internal.requests.WebSocketClient.onEvent(WebSocketClient.java:741)
	at net.dv8tion.jda.internal.requests.WebSocketClient.handleEvent(WebSocketClient.java:720)
	at net.dv8tion.jda.internal.requests.WebSocketClient.onBinaryMessage(WebSocketClient.java:891)
	at com.neovisionaries.ws.client.ListenerManager.callOnBinaryMessage(ListenerManager.java:385)
	at com.neovisionaries.ws.client.ReadingThread.callOnBinaryMessage(ReadingThread.java:276)
	at com.neovisionaries.ws.client.ReadingThread.handleBinaryFrame(ReadingThread.java:996)
	at com.neovisionaries.ws.client.ReadingThread.handleFrame(ReadingThread.java:755)
	at com.neovisionaries.ws.client.ReadingThread.main(ReadingThread.java:108)
	at com.neovisionaries.ws.client.ReadingThread.runMain(ReadingThread.java:64)
	at com.neovisionaries.ws.client.WebSocketThread.run(WebSocketThread.java:45)
17:44:32.804 [main] INFO  n.d.jda.api.sharding.ShardManager - Login Successful!
17:44:33.198 [JDA [0 / 1] MainWS-ReadThread] INFO  n.d.j.i.requests.WebSocketClient - Connected to WebSocket
17:44:33.483 [JDA [0 / 1] MainWS-ReadThread] INFO  net.dv8tion.jda.api.JDA - Finished Loading!
17:44:33.484 [JDA [0 / 1] MainWS-ReadThread] INFO  n.c.bot.listeners.ReadyListener - Logged in as soundy DEV#3047
17:44:33.484 [JDA [0 / 1] MainWS-ReadThread] INFO  n.c.bot.listeners.ReadyListener - [0;32mBooted[0m
17:44:43.183 [JDA [0 / 1] MainWS-ReadThread] ERROR net.dv8tion.jda.api.JDA - One of the EventListeners had an uncaught exception
java.lang.NullPointerException: null
	at net.cloudybyte.bot.core.premiumcheck.PremiumTierCache.addtoCache(PremiumTierCache.java:12)
	at net.cloudybyte.bot.core.premiumcheck.PremiumTierChecker.getPremiumTier(PremiumTierChecker.java:28)
	at net.cloudybyte.bot.commands.owner.PremiumCheckCommand.handle(PremiumCheckCommand.java:20)
	at net.cloudybyte.bot.core.command.CommandManager.handleCommand(CommandManager.java:78)
	at net.cloudybyte.bot.Listener.onGuildMessageReceived(Listener.java:58)
	at net.dv8tion.jda.api.hooks.ListenerAdapter.onEvent(ListenerAdapter.java:346)
	at net.dv8tion.jda.api.hooks.InterfacedEventManager.handle(InterfacedEventManager.java:96)
	at net.dv8tion.jda.internal.hooks.EventManagerProxy.handle(EventManagerProxy.java:64)
	at net.dv8tion.jda.internal.JDAImpl.handleEvent(JDAImpl.java:151)
	at net.dv8tion.jda.internal.handle.MessageCreateHandler.handleInternally(MessageCreateHandler.java:97)
	at net.dv8tion.jda.internal.handle.SocketHandler.handle(SocketHandler.java:36)
	at net.dv8tion.jda.internal.requests.WebSocketClient.onDispatch(WebSocketClient.java:853)
	at net.dv8tion.jda.internal.requests.WebSocketClient.onEvent(WebSocketClient.java:741)
	at net.dv8tion.jda.internal.requests.WebSocketClient.handleEvent(WebSocketClient.java:720)
	at net.dv8tion.jda.internal.requests.WebSocketClient.onBinaryMessage(WebSocketClient.java:891)
	at com.neovisionaries.ws.client.ListenerManager.callOnBinaryMessage(ListenerManager.java:385)
	at com.neovisionaries.ws.client.ReadingThread.callOnBinaryMessage(ReadingThread.java:276)
	at com.neovisionaries.ws.client.ReadingThread.handleBinaryFrame(ReadingThread.java:996)
	at com.neovisionaries.ws.client.ReadingThread.handleFrame(ReadingThread.java:755)
	at com.neovisionaries.ws.client.ReadingThread.main(ReadingThread.java:108)
	at com.neovisionaries.ws.client.ReadingThread.runMain(ReadingThread.java:64)
	at com.neovisionaries.ws.client.WebSocketThread.run(WebSocketThread.java:45)
17:45:43.517 [main] INFO  n.d.jda.api.sharding.ShardManager - Login Successful!
17:45:43.867 [JDA [0 / 1] MainWS-ReadThread] INFO  n.d.j.i.requests.WebSocketClient - Connected to WebSocket
17:45:44.215 [JDA [0 / 1] MainWS-ReadThread] INFO  net.dv8tion.jda.api.JDA - Finished Loading!
17:45:44.216 [JDA [0 / 1] MainWS-ReadThread] INFO  n.c.bot.listeners.ReadyListener - Logged in as soundy DEV#3047
17:45:44.216 [JDA [0 / 1] MainWS-ReadThread] INFO  n.c.bot.listeners.ReadyListener - [0;32mBooted[0m
17:45:48.907 [JDA [0 / 1] MainWS-ReadThread] ERROR net.dv8tion.jda.api.JDA - One of the EventListeners had an uncaught exception
java.lang.NullPointerException: null
	at net.cloudybyte.bot.core.premiumcheck.PremiumTierCache.addtoCache(PremiumTierCache.java:12)
	at net.cloudybyte.bot.core.premiumcheck.PremiumTierChecker.getPremiumTier(PremiumTierChecker.java:28)
	at net.cloudybyte.bot.commands.owner.PremiumCheckCommand.handle(PremiumCheckCommand.java:20)
	at net.cloudybyte.bot.core.command.CommandManager.handleCommand(CommandManager.java:78)
	at net.cloudybyte.bot.Listener.onGuildMessageReceived(Listener.java:58)
	at net.dv8tion.jda.api.hooks.ListenerAdapter.onEvent(ListenerAdapter.java:346)
	at net.dv8tion.jda.api.hooks.InterfacedEventManager.handle(InterfacedEventManager.java:96)
	at net.dv8tion.jda.internal.hooks.EventManagerProxy.handle(EventManagerProxy.java:64)
	at net.dv8tion.jda.internal.JDAImpl.handleEvent(JDAImpl.java:151)
	at net.dv8tion.jda.internal.handle.MessageCreateHandler.handleInternally(MessageCreateHandler.java:97)
	at net.dv8tion.jda.internal.handle.SocketHandler.handle(SocketHandler.java:36)
	at net.dv8tion.jda.internal.requests.WebSocketClient.onDispatch(WebSocketClient.java:853)
	at net.dv8tion.jda.internal.requests.WebSocketClient.onEvent(WebSocketClient.java:741)
	at net.dv8tion.jda.internal.requests.WebSocketClient.handleEvent(WebSocketClient.java:720)
	at net.dv8tion.jda.internal.requests.WebSocketClient.onBinaryMessage(WebSocketClient.java:891)
	at com.neovisionaries.ws.client.ListenerManager.callOnBinaryMessage(ListenerManager.java:385)
	at com.neovisionaries.ws.client.ReadingThread.callOnBinaryMessage(ReadingThread.java:276)
	at com.neovisionaries.ws.client.ReadingThread.handleBinaryFrame(ReadingThread.java:996)
	at com.neovisionaries.ws.client.ReadingThread.handleFrame(ReadingThread.java:755)
	at com.neovisionaries.ws.client.ReadingThread.main(ReadingThread.java:108)
	at com.neovisionaries.ws.client.ReadingThread.runMain(ReadingThread.java:64)
	at com.neovisionaries.ws.client.WebSocketThread.run(WebSocketThread.java:45)
17:46:57.488 [main] INFO  n.d.jda.api.sharding.ShardManager - Login Successful!
17:46:57.844 [JDA [0 / 1] MainWS-WriteThread] INFO  n.d.j.i.requests.WebSocketClient - Connected to WebSocket
17:46:58.134 [JDA [0 / 1] MainWS-ReadThread] INFO  net.dv8tion.jda.api.JDA - Finished Loading!
17:46:58.135 [JDA [0 / 1] MainWS-ReadThread] INFO  n.c.bot.listeners.ReadyListener - Logged in as soundy DEV#3047
17:46:58.135 [JDA [0 / 1] MainWS-ReadThread] INFO  n.c.bot.listeners.ReadyListener - [0;32mBooted[0m
17:47:02.638 [JDA [0 / 1] MainWS-ReadThread] ERROR net.dv8tion.jda.api.JDA - One of the EventListeners had an uncaught exception
java.lang.NullPointerException: null
	at net.cloudybyte.bot.core.premiumcheck.PremiumTierCache.addtoCache(PremiumTierCache.java:12)
	at net.cloudybyte.bot.core.premiumcheck.PremiumTierChecker.getPremiumTier(PremiumTierChecker.java:28)
	at net.cloudybyte.bot.commands.owner.PremiumCheckCommand.handle(PremiumCheckCommand.java:20)
	at net.cloudybyte.bot.core.command.CommandManager.handleCommand(CommandManager.java:78)
	at net.cloudybyte.bot.Listener.onGuildMessageReceived(Listener.java:58)
	at net.dv8tion.jda.api.hooks.ListenerAdapter.onEvent(ListenerAdapter.java:346)
	at net.dv8tion.jda.api.hooks.InterfacedEventManager.handle(InterfacedEventManager.java:96)
	at net.dv8tion.jda.internal.hooks.EventManagerProxy.handle(EventManagerProxy.java:64)
	at net.dv8tion.jda.internal.JDAImpl.handleEvent(JDAImpl.java:151)
	at net.dv8tion.jda.internal.handle.MessageCreateHandler.handleInternally(MessageCreateHandler.java:97)
	at net.dv8tion.jda.internal.handle.SocketHandler.handle(SocketHandler.java:36)
	at net.dv8tion.jda.internal.requests.WebSocketClient.onDispatch(WebSocketClient.java:853)
	at net.dv8tion.jda.internal.requests.WebSocketClient.onEvent(WebSocketClient.java:741)
	at net.dv8tion.jda.internal.requests.WebSocketClient.handleEvent(WebSocketClient.java:720)
	at net.dv8tion.jda.internal.requests.WebSocketClient.onBinaryMessage(WebSocketClient.java:891)
	at com.neovisionaries.ws.client.ListenerManager.callOnBinaryMessage(ListenerManager.java:385)
	at com.neovisionaries.ws.client.ReadingThread.callOnBinaryMessage(ReadingThread.java:276)
	at com.neovisionaries.ws.client.ReadingThread.handleBinaryFrame(ReadingThread.java:996)
	at com.neovisionaries.ws.client.ReadingThread.handleFrame(ReadingThread.java:755)
	at com.neovisionaries.ws.client.ReadingThread.main(ReadingThread.java:108)
	at com.neovisionaries.ws.client.ReadingThread.runMain(ReadingThread.java:64)
	at com.neovisionaries.ws.client.WebSocketThread.run(WebSocketThread.java:45)
17:47:26.689 [main] INFO  n.d.jda.api.sharding.ShardManager - Login Successful!
17:47:27.065 [JDA [0 / 1] MainWS-WriteThread] INFO  n.d.j.i.requests.WebSocketClient - Connected to WebSocket
17:47:27.371 [JDA [0 / 1] MainWS-ReadThread] INFO  net.dv8tion.jda.api.JDA - Finished Loading!
17:47:27.372 [JDA [0 / 1] MainWS-ReadThread] INFO  n.c.bot.listeners.ReadyListener - Logged in as soundy DEV#3047
17:47:27.372 [JDA [0 / 1] MainWS-ReadThread] INFO  n.c.bot.listeners.ReadyListener - [0;32mBooted[0m
17:47:30.897 [JDA [0 / 1] MainWS-ReadThread] ERROR net.dv8tion.jda.api.JDA - One of the EventListeners had an uncaught exception
java.lang.NullPointerException: null
	at net.cloudybyte.bot.core.premiumcheck.PremiumTierCache.addtoCache(PremiumTierCache.java:15)
	at net.cloudybyte.bot.core.premiumcheck.PremiumTierChecker.getPremiumTier(PremiumTierChecker.java:28)
	at net.cloudybyte.bot.commands.owner.PremiumCheckCommand.handle(PremiumCheckCommand.java:20)
	at net.cloudybyte.bot.core.command.CommandManager.handleCommand(CommandManager.java:78)
	at net.cloudybyte.bot.Listener.onGuildMessageReceived(Listener.java:58)
	at net.dv8tion.jda.api.hooks.ListenerAdapter.onEvent(ListenerAdapter.java:346)
	at net.dv8tion.jda.api.hooks.InterfacedEventManager.handle(InterfacedEventManager.java:96)
	at net.dv8tion.jda.internal.hooks.EventManagerProxy.handle(EventManagerProxy.java:64)
	at net.dv8tion.jda.internal.JDAImpl.handleEvent(JDAImpl.java:151)
	at net.dv8tion.jda.internal.handle.MessageCreateHandler.handleInternally(MessageCreateHandler.java:97)
	at net.dv8tion.jda.internal.handle.SocketHandler.handle(SocketHandler.java:36)
	at net.dv8tion.jda.internal.requests.WebSocketClient.onDispatch(WebSocketClient.java:853)
	at net.dv8tion.jda.internal.requests.WebSocketClient.onEvent(WebSocketClient.java:741)
	at net.dv8tion.jda.internal.requests.WebSocketClient.handleEvent(WebSocketClient.java:720)
	at net.dv8tion.jda.internal.requests.WebSocketClient.onBinaryMessage(WebSocketClient.java:891)
	at com.neovisionaries.ws.client.ListenerManager.callOnBinaryMessage(ListenerManager.java:385)
	at com.neovisionaries.ws.client.ReadingThread.callOnBinaryMessage(ReadingThread.java:276)
	at com.neovisionaries.ws.client.ReadingThread.handleBinaryFrame(ReadingThread.java:996)
	at com.neovisionaries.ws.client.ReadingThread.handleFrame(ReadingThread.java:755)
	at com.neovisionaries.ws.client.ReadingThread.main(ReadingThread.java:108)
	at com.neovisionaries.ws.client.ReadingThread.runMain(ReadingThread.java:64)
	at com.neovisionaries.ws.client.WebSocketThread.run(WebSocketThread.java:45)
17:55:58.526 [main] INFO  n.d.jda.api.sharding.ShardManager - Login Successful!
17:55:58.889 [JDA [0 / 1] MainWS-ReadThread] INFO  n.d.j.i.requests.WebSocketClient - Connected to WebSocket
17:55:59.182 [JDA [0 / 1] MainWS-ReadThread] INFO  net.dv8tion.jda.api.JDA - Finished Loading!
17:55:59.183 [JDA [0 / 1] MainWS-ReadThread] INFO  n.c.bot.listeners.ReadyListener - Logged in as soundy DEV#3047
17:55:59.183 [JDA [0 / 1] MainWS-ReadThread] INFO  n.c.bot.listeners.ReadyListener - [0;32mBooted[0m
17:59:55.590 [main] INFO  n.d.jda.api.sharding.ShardManager - Login Successful!
17:59:55.956 [JDA [0 / 1] MainWS-ReadThread] INFO  n.d.j.i.requests.WebSocketClient - Connected to WebSocket
17:59:56.291 [JDA [0 / 1] MainWS-ReadThread] INFO  net.dv8tion.jda.api.JDA - Finished Loading!
17:59:56.292 [JDA [0 / 1] MainWS-ReadThread] INFO  n.c.bot.listeners.ReadyListener - Logged in as soundy DEV#3047
17:59:56.292 [JDA [0 / 1] MainWS-ReadThread] INFO  n.c.bot.listeners.ReadyListener - [0;32mBooted[0m
18:00:00.549 [JDA [0 / 1] MainWS-ReadThread] ERROR net.dv8tion.jda.api.JDA - One of the EventListeners had an uncaught exception
java.lang.NullPointerException: null
	at net.cloudybyte.bot.core.premiumcheck.PremiumTierChecker.getPremiumTier(PremiumTierChecker.java:34)
	at net.cloudybyte.bot.commands.owner.PremiumCheckCommand.handle(PremiumCheckCommand.java:20)
	at net.cloudybyte.bot.core.command.CommandManager.handleCommand(CommandManager.java:78)
	at net.cloudybyte.bot.Listener.onGuildMessageReceived(Listener.java:58)
	at net.dv8tion.jda.api.hooks.ListenerAdapter.onEvent(ListenerAdapter.java:346)
	at net.dv8tion.jda.api.hooks.InterfacedEventManager.handle(InterfacedEventManager.java:96)
	at net.dv8tion.jda.internal.hooks.EventManagerProxy.handle(EventManagerProxy.java:64)
	at net.dv8tion.jda.internal.JDAImpl.handleEvent(JDAImpl.java:151)
	at net.dv8tion.jda.internal.handle.MessageCreateHandler.handleInternally(MessageCreateHandler.java:97)
	at net.dv8tion.jda.internal.handle.SocketHandler.handle(SocketHandler.java:36)
	at net.dv8tion.jda.internal.requests.WebSocketClient.onDispatch(WebSocketClient.java:853)
	at net.dv8tion.jda.internal.requests.WebSocketClient.onEvent(WebSocketClient.java:741)
	at net.dv8tion.jda.internal.requests.WebSocketClient.handleEvent(WebSocketClient.java:720)
	at net.dv8tion.jda.internal.requests.WebSocketClient.onBinaryMessage(WebSocketClient.java:891)
	at com.neovisionaries.ws.client.ListenerManager.callOnBinaryMessage(ListenerManager.java:385)
	at com.neovisionaries.ws.client.ReadingThread.callOnBinaryMessage(ReadingThread.java:276)
	at com.neovisionaries.ws.client.ReadingThread.handleBinaryFrame(ReadingThread.java:996)
	at com.neovisionaries.ws.client.ReadingThread.handleFrame(ReadingThread.java:755)
	at com.neovisionaries.ws.client.ReadingThread.main(ReadingThread.java:108)
	at com.neovisionaries.ws.client.ReadingThread.runMain(ReadingThread.java:64)
	at com.neovisionaries.ws.client.WebSocketThread.run(WebSocketThread.java:45)
18:00:18.968 [main] INFO  n.d.jda.api.sharding.ShardManager - Login Successful!
18:00:19.340 [JDA [0 / 1] MainWS-WriteThread] INFO  n.d.j.i.requests.WebSocketClient - Connected to WebSocket
18:00:19.651 [JDA [0 / 1] MainWS-ReadThread] INFO  net.dv8tion.jda.api.JDA - Finished Loading!
18:00:19.652 [JDA [0 / 1] MainWS-ReadThread] INFO  n.c.bot.listeners.ReadyListener - Logged in as soundy DEV#3047
18:00:19.652 [JDA [0 / 1] MainWS-ReadThread] INFO  n.c.bot.listeners.ReadyListener - [0;32mBooted[0m
18:00:25.568 [JDA [0 / 1] MainWS-ReadThread] ERROR net.dv8tion.jda.api.JDA - One of the EventListeners had an uncaught exception
java.lang.NullPointerException: null
	at net.cloudybyte.bot.commands.owner.addtocustomerdb.handle(addtocustomerdb.java:24)
	at net.cloudybyte.bot.core.command.CommandManager.handleCommand(CommandManager.java:78)
	at net.cloudybyte.bot.Listener.onGuildMessageReceived(Listener.java:58)
	at net.dv8tion.jda.api.hooks.ListenerAdapter.onEvent(ListenerAdapter.java:346)
	at net.dv8tion.jda.api.hooks.InterfacedEventManager.handle(InterfacedEventManager.java:96)
	at net.dv8tion.jda.internal.hooks.EventManagerProxy.handle(EventManagerProxy.java:64)
	at net.dv8tion.jda.internal.JDAImpl.handleEvent(JDAImpl.java:151)
	at net.dv8tion.jda.internal.handle.MessageCreateHandler.handleInternally(MessageCreateHandler.java:97)
	at net.dv8tion.jda.internal.handle.SocketHandler.handle(SocketHandler.java:36)
	at net.dv8tion.jda.internal.requests.WebSocketClient.onDispatch(WebSocketClient.java:853)
	at net.dv8tion.jda.internal.requests.WebSocketClient.onEvent(WebSocketClient.java:741)
	at net.dv8tion.jda.internal.requests.WebSocketClient.handleEvent(WebSocketClient.java:720)
	at net.dv8tion.jda.internal.requests.WebSocketClient.onBinaryMessage(WebSocketClient.java:891)
	at com.neovisionaries.ws.client.ListenerManager.callOnBinaryMessage(ListenerManager.java:385)
	at com.neovisionaries.ws.client.ReadingThread.callOnBinaryMessage(ReadingThread.java:276)
	at com.neovisionaries.ws.client.ReadingThread.handleBinaryFrame(ReadingThread.java:996)
	at com.neovisionaries.ws.client.ReadingThread.handleFrame(ReadingThread.java:755)
	at com.neovisionaries.ws.client.ReadingThread.main(ReadingThread.java:108)
	at com.neovisionaries.ws.client.ReadingThread.runMain(ReadingThread.java:64)
	at com.neovisionaries.ws.client.WebSocketThread.run(WebSocketThread.java:45)
18:03:09.917 [main] INFO  n.d.jda.api.sharding.ShardManager - Login Successful!
18:03:10.280 [JDA [0 / 1] MainWS-ReadThread] INFO  n.d.j.i.requests.WebSocketClient - Connected to WebSocket
18:03:10.566 [JDA [0 / 1] MainWS-ReadThread] INFO  net.dv8tion.jda.api.JDA - Finished Loading!
18:03:10.566 [JDA [0 / 1] MainWS-ReadThread] INFO  n.c.bot.listeners.ReadyListener - Logged in as soundy DEV#3047
18:03:10.566 [JDA [0 / 1] MainWS-ReadThread] INFO  n.c.bot.listeners.ReadyListener - [0;32mBooted[0m
