18:53:17.227 [main] INFO  n.d.jda.api.sharding.ShardManager - Login Successful!
18:53:17.645 [JDA [0 / 1] MainWS-ReadThread] INFO  n.d.j.i.requests.WebSocketClient - Connected to WebSocket
18:53:17.961 [JDA [0 / 1] MainWS-ReadThread] INFO  net.dv8tion.jda.api.JDA - Finished Loading!
18:53:17.961 [JDA [0 / 1] MainWS-ReadThread] INFO  n.c.bot.listeners.ReadyListener - Logged in as soundy DEV#3047
18:53:17.961 [JDA [0 / 1] MainWS-ReadThread] INFO  n.c.bot.listeners.ReadyListener - [0;32mBooted[0m
18:56:42.361 [main] INFO  n.d.jda.api.sharding.ShardManager - Login Successful!
18:56:42.773 [JDA [0 / 1] MainWS-ReadThread] INFO  n.d.j.i.requests.WebSocketClient - Connected to WebSocket
18:56:43.113 [JDA [0 / 1] MainWS-ReadThread] INFO  net.dv8tion.jda.api.JDA - Finished Loading!
18:56:43.114 [JDA [0 / 1] MainWS-ReadThread] INFO  n.c.bot.listeners.ReadyListener - Logged in as soundy DEV#3047
18:56:43.114 [JDA [0 / 1] MainWS-ReadThread] INFO  n.c.bot.listeners.ReadyListener - [0;32mBooted[0m
19:01:06.023 [JDA [0 / 1] MainWS-ReadThread] INFO  n.c.bot.commands.music.PlayCommand - [0;34mQueued https://www.youtube.com/watch?v=aD7w_nGfjkc in guild nexottest by U:cloudybyte(301780655019130880)[0m
19:01:07.147 [lava-daemon-pool-info-loader-5-thread-1] INFO  n.c.bot.core.audio.PlayerManager - [0;32mTrack was loaded! Now playing: https://www.youtube.com/watch?v=aD7w_nGfjkc Title: Mike Candys & Jack Holiday - The Riddle Anthem Rework[0m
19:01:08.243 [lava-daemon-pool-playback-4-thread-1] INFO  c.s.l.c.natives.NativeLibraryLoader - Native library libmpg123-0: loading with filter com.sedmelluq.discord.lavaplayer.natives.ConnectorNativeLibLoader$$Lambda$259/0x0000000800428840@5df4e11e
19:01:08.253 [lava-daemon-pool-playback-4-thread-1] INFO  c.s.l.c.natives.NativeLibraryLoader - Native library libmpg123-0: successfully loaded.
19:01:08.253 [lava-daemon-pool-playback-4-thread-1] INFO  c.s.l.c.natives.NativeLibraryLoader - Native library connector: loading with filter null
19:01:08.279 [lava-daemon-pool-playback-4-thread-1] INFO  c.s.l.c.natives.NativeLibraryLoader - Native library connector: successfully loaded.
19:01:58.788 [main] INFO  n.d.jda.api.sharding.ShardManager - Login Successful!
19:01:59.255 [JDA [0 / 1] MainWS-ReadThread] INFO  n.d.j.i.requests.WebSocketClient - Connected to WebSocket
19:01:59.664 [JDA [0 / 1] MainWS-ReadThread] INFO  net.dv8tion.jda.api.JDA - Finished Loading!
19:01:59.664 [JDA [0 / 1] MainWS-ReadThread] INFO  n.c.bot.listeners.ReadyListener - Logged in as soundy DEV#3047
19:01:59.665 [JDA [0 / 1] MainWS-ReadThread] INFO  n.c.bot.listeners.ReadyListener - [0;32mBooted[0m
19:02:10.887 [JDA [0 / 1] MainWS-ReadThread] INFO  n.c.bot.commands.music.PlayCommand - [0;34mQueued https://www.youtube.com/watch?v=aD7w_nGfjkc in guild nexottest by U:cloudybyte(301780655019130880)[0m
19:02:12.158 [lava-daemon-pool-info-loader-2-thread-1] INFO  n.c.bot.core.audio.PlayerManager - [0;32mTrack was loaded! Now playing: https://www.youtube.com/watch?v=aD7w_nGfjkc Title: Mike Candys & Jack Holiday - The Riddle Anthem Rework[0m
19:02:13.229 [lava-daemon-pool-playback-1-thread-1] INFO  c.s.l.c.natives.NativeLibraryLoader - Native library libmpg123-0: loading with filter com.sedmelluq.discord.lavaplayer.natives.ConnectorNativeLibLoader$$Lambda$261/0x0000000800450040@461aada4
19:02:13.239 [lava-daemon-pool-playback-1-thread-1] INFO  c.s.l.c.natives.NativeLibraryLoader - Native library libmpg123-0: successfully loaded.
19:02:13.240 [lava-daemon-pool-playback-1-thread-1] INFO  c.s.l.c.natives.NativeLibraryLoader - Native library connector: loading with filter null
19:02:13.267 [lava-daemon-pool-playback-1-thread-1] INFO  c.s.l.c.natives.NativeLibraryLoader - Native library connector: successfully loaded.
19:02:15.804 [JDA [0 / 1] MainWS-ReadThread] ERROR net.dv8tion.jda.api.JDA - One of the EventListeners had an uncaught exception
java.lang.IndexOutOfBoundsException: Index 0 out of bounds for length 0
	at java.base/jdk.internal.util.Preconditions.outOfBounds(Preconditions.java:64)
	at java.base/jdk.internal.util.Preconditions.outOfBoundsCheckIndex(Preconditions.java:70)
	at java.base/jdk.internal.util.Preconditions.checkIndex(Preconditions.java:248)
	at java.base/java.util.Objects.checkIndex(Objects.java:372)
	at java.base/java.util.AbstractList$SubList.get(AbstractList.java:784)
	at net.cloudybyte.bot.commands.music.BassBoostCommand.handle(BassBoostCommand.java:29)
	at net.cloudybyte.bot.core.command.CommandManager.handleCommand(CommandManager.java:74)
	at net.cloudybyte.bot.Listener.onGuildMessageReceived(Listener.java:58)
	at net.dv8tion.jda.api.hooks.ListenerAdapter.onEvent(ListenerAdapter.java:346)
	at net.dv8tion.jda.api.hooks.InterfacedEventManager.handle(InterfacedEventManager.java:96)
	at net.dv8tion.jda.internal.hooks.EventManagerProxy.handle(EventManagerProxy.java:64)
	at net.dv8tion.jda.internal.JDAImpl.handleEvent(JDAImpl.java:151)
	at net.dv8tion.jda.internal.handle.MessageCreateHandler.handleInternally(MessageCreateHandler.java:97)
	at net.dv8tion.jda.internal.handle.SocketHandler.handle(SocketHandler.java:36)
	at net.dv8tion.jda.internal.requests.WebSocketClient.onDispatch(WebSocketClient.java:853)
	at net.dv8tion.jda.internal.requests.WebSocketClient.onEvent(WebSocketClient.java:741)
	at net.dv8tion.jda.internal.requests.WebSocketClient.handleEvent(WebSocketClient.java:720)
	at net.dv8tion.jda.internal.requests.WebSocketClient.onBinaryMessage(WebSocketClient.java:891)
	at com.neovisionaries.ws.client.ListenerManager.callOnBinaryMessage(ListenerManager.java:385)
	at com.neovisionaries.ws.client.ReadingThread.callOnBinaryMessage(ReadingThread.java:276)
	at com.neovisionaries.ws.client.ReadingThread.handleBinaryFrame(ReadingThread.java:996)
	at com.neovisionaries.ws.client.ReadingThread.handleFrame(ReadingThread.java:755)
	at com.neovisionaries.ws.client.ReadingThread.main(ReadingThread.java:108)
	at com.neovisionaries.ws.client.ReadingThread.runMain(ReadingThread.java:64)
	at com.neovisionaries.ws.client.WebSocketThread.run(WebSocketThread.java:45)
19:03:29.029 [main] INFO  n.d.jda.api.sharding.ShardManager - Login Successful!
19:03:29.456 [JDA [0 / 1] MainWS-ReadThread] INFO  n.d.j.i.requests.WebSocketClient - Connected to WebSocket
19:03:29.788 [JDA [0 / 1] MainWS-ReadThread] INFO  net.dv8tion.jda.api.JDA - Finished Loading!
19:03:29.789 [JDA [0 / 1] MainWS-ReadThread] INFO  n.c.bot.listeners.ReadyListener - Logged in as soundy DEV#3047
19:03:29.789 [JDA [0 / 1] MainWS-ReadThread] INFO  n.c.bot.listeners.ReadyListener - [0;32mBooted[0m
19:03:37.176 [JDA [0 / 1] MainWS-ReadThread] INFO  n.c.bot.commands.music.PlayCommand - [0;34mQueued https://www.youtube.com/watch?v=aD7w_nGfjkc in guild nexottest by U:cloudybyte(301780655019130880)[0m
19:03:38.233 [lava-daemon-pool-info-loader-2-thread-1] INFO  n.c.bot.core.audio.PlayerManager - [0;32mTrack was loaded! Now playing: https://www.youtube.com/watch?v=aD7w_nGfjkc Title: Mike Candys & Jack Holiday - The Riddle Anthem Rework[0m
19:03:39.279 [lava-daemon-pool-playback-1-thread-1] INFO  c.s.l.c.natives.NativeLibraryLoader - Native library libmpg123-0: loading with filter com.sedmelluq.discord.lavaplayer.natives.ConnectorNativeLibLoader$$Lambda$261/0x0000000800450040@7c7b8239
19:03:39.287 [lava-daemon-pool-playback-1-thread-1] INFO  c.s.l.c.natives.NativeLibraryLoader - Native library libmpg123-0: successfully loaded.
19:03:39.288 [lava-daemon-pool-playback-1-thread-1] INFO  c.s.l.c.natives.NativeLibraryLoader - Native library connector: loading with filter null
19:03:39.314 [lava-daemon-pool-playback-1-thread-1] INFO  c.s.l.c.natives.NativeLibraryLoader - Native library connector: successfully loaded.
19:03:55.764 [main] INFO  n.d.jda.api.sharding.ShardManager - Login Successful!
19:03:56.230 [JDA [0 / 1] MainWS-WriteThread] INFO  n.d.j.i.requests.WebSocketClient - Connected to WebSocket
19:03:56.587 [JDA [0 / 1] MainWS-ReadThread] INFO  net.dv8tion.jda.api.JDA - Finished Loading!
19:03:56.588 [JDA [0 / 1] MainWS-ReadThread] INFO  n.c.bot.listeners.ReadyListener - Logged in as soundy DEV#3047
19:03:56.588 [JDA [0 / 1] MainWS-ReadThread] INFO  n.c.bot.listeners.ReadyListener - [0;32mBooted[0m
19:04:04.943 [JDA [0 / 1] MainWS-ReadThread] INFO  n.c.bot.commands.music.PlayCommand - [0;34mQueued https://www.youtube.com/watch?v=aD7w_nGfjkc in guild nexottest by U:cloudybyte(301780655019130880)[0m
19:04:06.049 [lava-daemon-pool-info-loader-2-thread-1] INFO  n.c.bot.core.audio.PlayerManager - [0;32mTrack was loaded! Now playing: https://www.youtube.com/watch?v=aD7w_nGfjkc Title: Mike Candys & Jack Holiday - The Riddle Anthem Rework[0m
19:04:07.330 [lava-daemon-pool-playback-1-thread-1] INFO  c.s.l.c.natives.NativeLibraryLoader - Native library libmpg123-0: loading with filter com.sedmelluq.discord.lavaplayer.natives.ConnectorNativeLibLoader$$Lambda$261/0x0000000800450040@7a1239d7
19:04:07.339 [lava-daemon-pool-playback-1-thread-1] INFO  c.s.l.c.natives.NativeLibraryLoader - Native library libmpg123-0: successfully loaded.
19:04:07.339 [lava-daemon-pool-playback-1-thread-1] INFO  c.s.l.c.natives.NativeLibraryLoader - Native library connector: loading with filter null
19:04:07.366 [lava-daemon-pool-playback-1-thread-1] INFO  c.s.l.c.natives.NativeLibraryLoader - Native library connector: successfully loaded.
19:07:33.631 [main] INFO  n.d.jda.api.sharding.ShardManager - Login Successful!
19:07:34.045 [JDA [0 / 1] MainWS-ReadThread] INFO  n.d.j.i.requests.WebSocketClient - Connected to WebSocket
19:07:34.361 [JDA [0 / 1] MainWS-ReadThread] INFO  net.dv8tion.jda.api.JDA - Finished Loading!
19:07:34.362 [JDA [0 / 1] MainWS-ReadThread] INFO  n.c.bot.listeners.ReadyListener - Logged in as soundy DEV#3047
19:07:34.362 [JDA [0 / 1] MainWS-ReadThread] INFO  n.c.bot.listeners.ReadyListener - [0;32mBooted[0m
19:07:42.841 [main] INFO  n.d.jda.api.sharding.ShardManager - Login Successful!
19:07:43.277 [JDA [0 / 1] MainWS-ReadThread] INFO  n.d.j.i.requests.WebSocketClient - Connected to WebSocket
19:07:43.682 [JDA [0 / 1] MainWS-ReadThread] INFO  net.dv8tion.jda.api.JDA - Finished Loading!
19:07:43.683 [JDA [0 / 1] MainWS-ReadThread] INFO  n.c.bot.listeners.ReadyListener - Logged in as soundy DEV#3047
19:07:43.683 [JDA [0 / 1] MainWS-ReadThread] INFO  n.c.bot.listeners.ReadyListener - [0;32mBooted[0m
19:14:26.270 [main] INFO  n.d.jda.api.sharding.ShardManager - Login Successful!
19:14:26.703 [JDA [0 / 1] MainWS-WriteThread] INFO  n.d.j.i.requests.WebSocketClient - Connected to WebSocket
19:14:27.010 [JDA [0 / 1] MainWS-ReadThread] INFO  net.dv8tion.jda.api.JDA - Finished Loading!
19:14:27.011 [JDA [0 / 1] MainWS-ReadThread] INFO  n.c.bot.listeners.ReadyListener - Logged in as soundy DEV#3047
19:14:27.012 [JDA [0 / 1] MainWS-ReadThread] INFO  n.c.bot.listeners.ReadyListener - [0;32mBooted[0m
19:15:52.041 [JDA [0 / 1] MainWS-ReadThread] INFO  n.c.bot.commands.music.PlayCommand - [0;34mQueued https://www.youtube.com/watch?v=aD7w_nGfjkc in guild nexottest by U:cloudybyte(301780655019130880)[0m
19:15:53.142 [lava-daemon-pool-info-loader-5-thread-1] INFO  n.c.bot.core.audio.PlayerManager - [0;32mTrack was loaded! Now playing: https://www.youtube.com/watch?v=aD7w_nGfjkc Title: Mike Candys & Jack Holiday - The Riddle Anthem Rework[0m
19:15:54.284 [lava-daemon-pool-playback-4-thread-1] INFO  c.s.l.c.natives.NativeLibraryLoader - Native library libmpg123-0: loading with filter com.sedmelluq.discord.lavaplayer.natives.ConnectorNativeLibLoader$$Lambda$259/0x0000000800430840@57dbc119
19:15:54.292 [lava-daemon-pool-playback-4-thread-1] INFO  c.s.l.c.natives.NativeLibraryLoader - Native library libmpg123-0: successfully loaded.
19:15:54.293 [lava-daemon-pool-playback-4-thread-1] INFO  c.s.l.c.natives.NativeLibraryLoader - Native library connector: loading with filter null
19:15:54.318 [lava-daemon-pool-playback-4-thread-1] INFO  c.s.l.c.natives.NativeLibraryLoader - Native library connector: successfully loaded.
19:18:17.102 [main] INFO  n.d.jda.api.sharding.ShardManager - Login Successful!
19:18:17.538 [JDA [0 / 1] MainWS-ReadThread] INFO  n.d.j.i.requests.WebSocketClient - Connected to WebSocket
19:18:17.853 [JDA [0 / 1] MainWS-ReadThread] INFO  net.dv8tion.jda.api.JDA - Finished Loading!
19:18:17.854 [JDA [0 / 1] MainWS-ReadThread] INFO  n.c.bot.listeners.ReadyListener - Logged in as soundy DEV#3047
19:18:17.854 [JDA [0 / 1] MainWS-ReadThread] INFO  n.c.bot.listeners.ReadyListener - [0;32mBooted[0m
19:18:37.635 [JDA [0 / 1] MainWS-ReadThread] INFO  n.c.bot.commands.music.PlayCommand - [0;34mQueued https://www.youtube.com/watch?v=aD7w_nGfjkc in guild nexottest by U:cloudybyte(301780655019130880)[0m
19:18:38.982 [lava-daemon-pool-info-loader-2-thread-1] INFO  n.c.bot.core.audio.PlayerManager - [0;32mTrack was loaded! Now playing: https://www.youtube.com/watch?v=aD7w_nGfjkc Title: Mike Candys & Jack Holiday - The Riddle Anthem Rework[0m
19:18:40.261 [lava-daemon-pool-playback-1-thread-1] INFO  c.s.l.c.natives.NativeLibraryLoader - Native library libmpg123-0: loading with filter com.sedmelluq.discord.lavaplayer.natives.ConnectorNativeLibLoader$$Lambda$261/0x0000000800450040@624175ac
19:18:40.270 [lava-daemon-pool-playback-1-thread-1] INFO  c.s.l.c.natives.NativeLibraryLoader - Native library libmpg123-0: successfully loaded.
19:18:40.270 [lava-daemon-pool-playback-1-thread-1] INFO  c.s.l.c.natives.NativeLibraryLoader - Native library connector: loading with filter null
19:18:40.296 [lava-daemon-pool-playback-1-thread-1] INFO  c.s.l.c.natives.NativeLibraryLoader - Native library connector: successfully loaded.
19:19:07.073 [main] INFO  n.d.jda.api.sharding.ShardManager - Login Successful!
19:19:07.499 [JDA [0 / 1] MainWS-WriteThread] INFO  n.d.j.i.requests.WebSocketClient - Connected to WebSocket
19:19:07.797 [JDA [0 / 1] MainWS-ReadThread] INFO  net.dv8tion.jda.api.JDA - Finished Loading!
19:19:07.798 [JDA [0 / 1] MainWS-ReadThread] INFO  n.c.bot.listeners.ReadyListener - Logged in as soundy DEV#3047
19:19:07.798 [JDA [0 / 1] MainWS-ReadThread] INFO  n.c.bot.listeners.ReadyListener - [0;32mBooted[0m
19:19:44.511 [main] INFO  n.d.jda.api.sharding.ShardManager - Login Successful!
19:19:44.930 [JDA [0 / 1] MainWS-WriteThread] INFO  n.d.j.i.requests.WebSocketClient - Connected to WebSocket
19:19:45.217 [JDA [0 / 1] MainWS-ReadThread] INFO  net.dv8tion.jda.api.JDA - Finished Loading!
19:19:45.218 [JDA [0 / 1] MainWS-ReadThread] INFO  n.c.bot.listeners.ReadyListener - Logged in as soundy DEV#3047
19:19:45.218 [JDA [0 / 1] MainWS-ReadThread] INFO  n.c.bot.listeners.ReadyListener - [0;32mBooted[0m
19:19:54.140 [JDA [0 / 1] MainWS-ReadThread] INFO  n.c.bot.commands.music.PlayCommand - [0;34mQueued https://www.youtube.com/watch?v=aD7w_nGfjkc in guild nexottest by U:cloudybyte(301780655019130880)[0m
19:19:55.334 [lava-daemon-pool-info-loader-2-thread-1] INFO  n.c.bot.core.audio.PlayerManager - [0;32mTrack was loaded! Now playing: https://www.youtube.com/watch?v=aD7w_nGfjkc Title: Mike Candys & Jack Holiday - The Riddle Anthem Rework[0m
19:19:56.357 [lava-daemon-pool-playback-1-thread-1] INFO  c.s.l.c.natives.NativeLibraryLoader - Native library libmpg123-0: loading with filter com.sedmelluq.discord.lavaplayer.natives.ConnectorNativeLibLoader$$Lambda$261/0x0000000800450040@46f0e034
19:19:56.366 [lava-daemon-pool-playback-1-thread-1] INFO  c.s.l.c.natives.NativeLibraryLoader - Native library libmpg123-0: successfully loaded.
19:19:56.366 [lava-daemon-pool-playback-1-thread-1] INFO  c.s.l.c.natives.NativeLibraryLoader - Native library connector: loading with filter null
19:19:56.392 [lava-daemon-pool-playback-1-thread-1] INFO  c.s.l.c.natives.NativeLibraryLoader - Native library connector: successfully loaded.
