19:42:13.156 [main] INFO  n.d.jda.api.sharding.ShardManager - Login Successful!
19:42:13.563 [JDA [0 / 1] MainWS-WriteThread] INFO  n.d.j.i.requests.WebSocketClient - Connected to WebSocket
19:42:14.482 [JDA [0 / 1] MainWS-ReadThread] INFO  net.dv8tion.jda.api.JDA - Finished Loading!
19:42:14.483 [JDA [0 / 1] MainWS-ReadThread] INFO  n.c.bot.listeners.ReadyListener - Logged in as soundy DEV#3047
19:42:14.484 [JDA [0 / 1] MainWS-ReadThread] INFO  n.c.bot.listeners.ReadyListener - [0;32mBooted[0m
19:42:42.136 [main] INFO  n.d.jda.api.sharding.ShardManager - Login Successful!
19:42:42.576 [JDA [0 / 1] MainWS-WriteThread] INFO  n.d.j.i.requests.WebSocketClient - Connected to WebSocket
19:42:43.947 [JDA [0 / 1] MainWS-ReadThread] INFO  net.dv8tion.jda.api.JDA - Finished Loading!
19:42:43.948 [JDA [0 / 1] MainWS-ReadThread] INFO  n.c.bot.listeners.ReadyListener - Logged in as soundy DEV#3047
19:42:43.948 [JDA [0 / 1] MainWS-ReadThread] INFO  n.c.bot.listeners.ReadyListener - [0;32mBooted[0m
19:43:13.154 [JDA [0 / 1] MainWS-ReadThread] INFO  org.mongodb.driver.cluster - Cluster created with settings {hosts=[localhost:27017], mode=SINGLE, requiredClusterType=UNKNOWN, serverSelectionTimeout='30000 ms', maxWaitQueueSize=500}
19:43:13.206 [JDA [0 / 1] MainWS-ReadThread] INFO  org.mongodb.driver.cluster - Cluster description not yet available. Waiting for 30000 ms before timing out
19:43:13.208 [cluster-ClusterId{value='5ecab231ddd0e253157b81ac', description='null'}-localhost:27017] INFO  org.mongodb.driver.connection - Opened connection [connectionId{localValue:1, serverValue:1}] to localhost:27017
19:43:13.213 [cluster-ClusterId{value='5ecab231ddd0e253157b81ac', description='null'}-localhost:27017] INFO  org.mongodb.driver.cluster - Monitor thread successfully connected to server with description ServerDescription{address=localhost:27017, type=STANDALONE, state=CONNECTED, ok=true, version=ServerVersion{versionList=[4, 2, 6]}, minWireVersion=0, maxWireVersion=8, maxDocumentSize=16777216, logicalSessionTimeoutMinutes=30, roundTripTimeNanos=2974400}
19:43:13.222 [JDA [0 / 1] MainWS-ReadThread] INFO  org.mongodb.driver.connection - Opened connection [connectionId{localValue:2, serverValue:2}] to localhost:27017
19:51:28.912 [main] INFO  n.d.jda.api.sharding.ShardManager - Login Successful!
19:51:29.321 [JDA [0 / 1] MainWS-WriteThread] INFO  n.d.j.i.requests.WebSocketClient - Connected to WebSocket
19:51:30.222 [JDA [0 / 1] MainWS-ReadThread] INFO  net.dv8tion.jda.api.JDA - Finished Loading!
19:51:30.223 [JDA [0 / 1] MainWS-ReadThread] INFO  n.c.bot.listeners.ReadyListener - Logged in as soundy DEV#3047
19:51:30.224 [JDA [0 / 1] MainWS-ReadThread] INFO  n.c.bot.listeners.ReadyListener - [0;32mBooted[0m
