11:23:35.776 [main] INFO  n.d.jda.api.sharding.ShardManager - Login Successful!
11:23:36.145 [JDA [0 / 1] MainWS-WriteThread] INFO  n.d.j.i.requests.WebSocketClient - Connected to WebSocket
11:23:36.419 [JDA [0 / 1] MainWS-ReadThread] INFO  net.dv8tion.jda.api.JDA - Finished Loading!
11:23:36.420 [JDA [0 / 1] MainWS-ReadThread] INFO  n.c.bot.listeners.ReadyListener - Logged in as nightplay DEV#3047
11:23:36.420 [JDA [0 / 1] MainWS-ReadThread] INFO  n.c.bot.listeners.ReadyListener - [0;32mBooted[0m
11:29:30.379 [main] INFO  n.d.jda.api.sharding.ShardManager - Login Successful!
11:29:30.716 [JDA [0 / 1] MainWS-ReadThread] INFO  n.d.j.i.requests.WebSocketClient - Connected to WebSocket
11:29:30.987 [JDA [0 / 1] MainWS-ReadThread] INFO  net.dv8tion.jda.api.JDA - Finished Loading!
11:29:30.988 [JDA [0 / 1] MainWS-ReadThread] INFO  n.c.bot.listeners.ReadyListener - Logged in as nightplay DEV#3047
11:29:30.988 [JDA [0 / 1] MainWS-ReadThread] INFO  n.c.bot.listeners.ReadyListener - [0;32mBooted[0m
11:30:36.838 [main] INFO  n.d.jda.api.sharding.ShardManager - Login Successful!
11:30:37.177 [JDA [0 / 1] MainWS-ReadThread] INFO  n.d.j.i.requests.WebSocketClient - Connected to WebSocket
11:30:37.445 [JDA [0 / 1] MainWS-ReadThread] INFO  net.dv8tion.jda.api.JDA - Finished Loading!
11:30:37.446 [JDA [0 / 1] MainWS-ReadThread] INFO  n.c.bot.listeners.ReadyListener - Logged in as nightplay DEV#3047
11:30:37.446 [JDA [0 / 1] MainWS-ReadThread] INFO  n.c.bot.listeners.ReadyListener - [0;32mBooted[0m
11:30:50.842 [JDA [0 / 1] MainWS-ReadThread] ERROR net.dv8tion.jda.api.JDA - One of the EventListeners had an uncaught exception
java.lang.IllegalArgumentException: Both Name and Value must be set!
	at net.dv8tion.jda.api.entities.MessageEmbed$Field.<init>(MessageEmbed.java:933)
	at net.dv8tion.jda.api.entities.MessageEmbed$Field.<init>(MessageEmbed.java:960)
	at net.dv8tion.jda.api.EmbedBuilder.addField(EmbedBuilder.java:754)
	at net.cloudybyte.bot.util.EmbedBuilder.changePrefixSuccess(EmbedBuilder.java:275)
	at net.cloudybyte.bot.commands.management.ChangePrefixCommand.handle(ChangePrefixCommand.java:43)
	at net.cloudybyte.bot.core.command.CommandManager.handleCommand(CommandManager.java:71)
	at net.cloudybyte.bot.Listener.onGuildMessageReceived(Listener.java:62)
	at net.dv8tion.jda.api.hooks.ListenerAdapter.onEvent(ListenerAdapter.java:346)
	at net.dv8tion.jda.api.hooks.InterfacedEventManager.handle(InterfacedEventManager.java:96)
	at net.dv8tion.jda.internal.hooks.EventManagerProxy.handle(EventManagerProxy.java:64)
	at net.dv8tion.jda.internal.JDAImpl.handleEvent(JDAImpl.java:151)
	at net.dv8tion.jda.internal.handle.MessageCreateHandler.handleInternally(MessageCreateHandler.java:97)
	at net.dv8tion.jda.internal.handle.SocketHandler.handle(SocketHandler.java:36)
	at net.dv8tion.jda.internal.requests.WebSocketClient.onDispatch(WebSocketClient.java:853)
	at net.dv8tion.jda.internal.requests.WebSocketClient.onEvent(WebSocketClient.java:741)
	at net.dv8tion.jda.internal.requests.WebSocketClient.handleEvent(WebSocketClient.java:720)
	at net.dv8tion.jda.internal.requests.WebSocketClient.onBinaryMessage(WebSocketClient.java:891)
	at com.neovisionaries.ws.client.ListenerManager.callOnBinaryMessage(ListenerManager.java:385)
	at com.neovisionaries.ws.client.ReadingThread.callOnBinaryMessage(ReadingThread.java:276)
	at com.neovisionaries.ws.client.ReadingThread.handleBinaryFrame(ReadingThread.java:996)
	at com.neovisionaries.ws.client.ReadingThread.handleFrame(ReadingThread.java:755)
	at com.neovisionaries.ws.client.ReadingThread.main(ReadingThread.java:108)
	at com.neovisionaries.ws.client.ReadingThread.runMain(ReadingThread.java:64)
	at com.neovisionaries.ws.client.WebSocketThread.run(WebSocketThread.java:45)
11:31:19.265 [main] INFO  n.d.jda.api.sharding.ShardManager - Login Successful!
11:31:19.638 [JDA [0 / 1] MainWS-WriteThread] INFO  n.d.j.i.requests.WebSocketClient - Connected to WebSocket
11:31:19.903 [JDA [0 / 1] MainWS-ReadThread] INFO  net.dv8tion.jda.api.JDA - Finished Loading!
11:31:19.904 [JDA [0 / 1] MainWS-ReadThread] INFO  n.c.bot.listeners.ReadyListener - Logged in as nightplay DEV#3047
11:31:19.904 [JDA [0 / 1] MainWS-ReadThread] INFO  n.c.bot.listeners.ReadyListener - [0;32mBooted[0m
11:43:25.120 [main] INFO  n.d.jda.api.sharding.ShardManager - Login Successful!
11:43:25.470 [JDA [0 / 1] MainWS-ReadThread] INFO  n.d.j.i.requests.WebSocketClient - Connected to WebSocket
11:43:25.730 [JDA [0 / 1] MainWS-ReadThread] INFO  net.dv8tion.jda.api.JDA - Finished Loading!
11:43:25.731 [JDA [0 / 1] MainWS-ReadThread] INFO  n.c.bot.listeners.ReadyListener - Logged in as nightplay DEV#3047
11:43:25.731 [JDA [0 / 1] MainWS-ReadThread] INFO  n.c.bot.listeners.ReadyListener - [0;32mBooted[0m
11:44:34.607 [main] INFO  n.d.jda.api.sharding.ShardManager - Login Successful!
11:44:34.967 [JDA [0 / 1] MainWS-ReadThread] INFO  n.d.j.i.requests.WebSocketClient - Connected to WebSocket
11:44:35.324 [JDA [0 / 1] MainWS-ReadThread] INFO  net.dv8tion.jda.api.JDA - Finished Loading!
11:44:35.325 [JDA [0 / 1] MainWS-ReadThread] INFO  n.c.bot.listeners.ReadyListener - Logged in as nightplay DEV#3047
11:44:35.325 [JDA [0 / 1] MainWS-ReadThread] INFO  n.c.bot.listeners.ReadyListener - [0;32mBooted[0m
11:44:40.175 [JDA [0 / 1] MainWS-ReadThread] INFO  n.c.bot.commands.music.PlayCommand - [0;34mQueued your in guild nexottest by U:cloudybyte(301780655019130880)[0m
11:44:41.439 [lava-daemon-pool-info-loader-5-thread-1] INFO  n.c.bot.core.audio.PlayerManager - [0;32mTrack was loaded! Now playing: https://www.youtube.com/watch?v=V5XOwWOAQBQ Title: Hollywood Undead - Your Life (Official Video)[0m
12:21:46.128 [main] INFO  n.d.jda.api.sharding.ShardManager - Login Successful!
12:22:02.212 [main] INFO  n.d.jda.api.sharding.ShardManager - Login Successful!
12:22:02.570 [JDA [0 / 1] MainWS-WriteThread] INFO  n.d.j.i.requests.WebSocketClient - Connected to WebSocket
12:22:02.832 [JDA [0 / 1] MainWS-ReadThread] INFO  net.dv8tion.jda.api.JDA - Finished Loading!
12:22:02.833 [JDA [0 / 1] MainWS-ReadThread] INFO  n.c.bot.listeners.ReadyListener - Logged in as nightplay DEV#3047
12:22:02.833 [JDA [0 / 1] MainWS-ReadThread] INFO  n.c.bot.listeners.ReadyListener - [0;32mBooted[0m
12:23:02.964 [JDA [0 / 1] MainWS-ReadThread] INFO  n.c.bot.commands.music.PlayCommand - [0;34mQueued parents in guild nexottest by U:cloudybyte(301780655019130880)[0m
12:23:04.297 [lava-daemon-pool-info-loader-5-thread-1] INFO  n.c.bot.core.audio.PlayerManager - [0;32mTrack was loaded! Now playing: https://www.youtube.com/watch?v=oOWBsmgjmPo Title: YUNGBLUD - Parents (Official Music Video)[0m
12:23:08.508 [lava-daemon-pool-playback-4-thread-1] INFO  c.s.l.c.natives.NativeLibraryLoader - Native library libmpg123-0: loading with filter com.sedmelluq.discord.lavaplayer.natives.ConnectorNativeLibLoader$$Lambda$246/0x000000080040d040@319b7ad0
12:23:08.520 [lava-daemon-pool-playback-4-thread-1] INFO  c.s.l.c.natives.NativeLibraryLoader - Native library libmpg123-0: successfully loaded.
12:23:08.520 [lava-daemon-pool-playback-4-thread-1] INFO  c.s.l.c.natives.NativeLibraryLoader - Native library connector: loading with filter null
12:23:08.551 [lava-daemon-pool-playback-4-thread-1] INFO  c.s.l.c.natives.NativeLibraryLoader - Native library connector: successfully loaded.
12:31:39.453 [JDA [0 / 1] MainWS-ReadThread] INFO  n.c.bot.commands.music.PlayCommand - [0;34mQueued https://www.twitch.tv/monstercat in guild nexottest by U:cloudybyte(301780655019130880)[0m
12:31:39.793 [lava-daemon-pool-info-loader-5-thread-1] INFO  n.c.bot.core.audio.PlayerManager - [0;32mTrack was loaded! Now playing: https://www.twitch.tv/monstercat Title: Non Stop Music - Monstercat Radio ?[0m
12:31:45.068 [JDA [0 / 1] MainWS-ReadThread] ERROR net.dv8tion.jda.api.JDA - One of the EventListeners had an uncaught exception
java.lang.NumberFormatException: For input string: "[0;35m"
	at java.base/java.lang.NumberFormatException.forInputString(NumberFormatException.java:65)
	at java.base/java.lang.Integer.parseInt(Integer.java:638)
	at java.base/java.lang.Integer.valueOf(Integer.java:957)
	at java.base/java.lang.Integer.decode(Integer.java:1427)
	at java.desktop/java.awt.Color.decode(Color.java:729)
	at net.cloudybyte.bot.util.EmbedBuilder.nowPlayingCommand(EmbedBuilder.java:274)
	at net.cloudybyte.bot.commands.music.NowPlayingCommand.handle(NowPlayingCommand.java:29)
	at net.cloudybyte.bot.core.command.CommandManager.handleCommand(CommandManager.java:72)
	at net.cloudybyte.bot.Listener.onGuildMessageReceived(Listener.java:63)
	at net.dv8tion.jda.api.hooks.ListenerAdapter.onEvent(ListenerAdapter.java:346)
	at net.dv8tion.jda.api.hooks.InterfacedEventManager.handle(InterfacedEventManager.java:96)
	at net.dv8tion.jda.internal.hooks.EventManagerProxy.handle(EventManagerProxy.java:64)
	at net.dv8tion.jda.internal.JDAImpl.handleEvent(JDAImpl.java:151)
	at net.dv8tion.jda.internal.handle.MessageCreateHandler.handleInternally(MessageCreateHandler.java:97)
	at net.dv8tion.jda.internal.handle.SocketHandler.handle(SocketHandler.java:36)
	at net.dv8tion.jda.internal.requests.WebSocketClient.onDispatch(WebSocketClient.java:853)
	at net.dv8tion.jda.internal.requests.WebSocketClient.onEvent(WebSocketClient.java:741)
	at net.dv8tion.jda.internal.requests.WebSocketClient.handleEvent(WebSocketClient.java:720)
	at net.dv8tion.jda.internal.requests.WebSocketClient.onBinaryMessage(WebSocketClient.java:891)
	at com.neovisionaries.ws.client.ListenerManager.callOnBinaryMessage(ListenerManager.java:385)
	at com.neovisionaries.ws.client.ReadingThread.callOnBinaryMessage(ReadingThread.java:276)
	at com.neovisionaries.ws.client.ReadingThread.handleBinaryFrame(ReadingThread.java:996)
	at com.neovisionaries.ws.client.ReadingThread.handleFrame(ReadingThread.java:755)
	at com.neovisionaries.ws.client.ReadingThread.main(ReadingThread.java:108)
	at com.neovisionaries.ws.client.ReadingThread.runMain(ReadingThread.java:64)
	at com.neovisionaries.ws.client.WebSocketThread.run(WebSocketThread.java:45)
12:34:06.384 [main] INFO  n.d.jda.api.sharding.ShardManager - Login Successful!
12:34:06.744 [JDA [0 / 1] MainWS-WriteThread] INFO  n.d.j.i.requests.WebSocketClient - Connected to WebSocket
12:34:07.129 [JDA [0 / 1] MainWS-ReadThread] INFO  net.dv8tion.jda.api.JDA - Finished Loading!
12:34:07.130 [JDA [0 / 1] MainWS-ReadThread] INFO  n.c.bot.listeners.ReadyListener - Logged in as nightplay DEV#3047
12:34:07.130 [JDA [0 / 1] MainWS-ReadThread] INFO  n.c.bot.listeners.ReadyListener - [0;32mBooted[0m
12:34:12.537 [JDA [0 / 1] MainWS-ReadThread] INFO  n.c.bot.commands.music.PlayCommand - [0;34mQueued https://www.twitch.tv/monstercat in guild nexottest by U:cloudybyte(301780655019130880)[0m
12:34:12.968 [lava-daemon-pool-info-loader-5-thread-1] INFO  n.c.bot.core.audio.PlayerManager - [0;32mTrack was loaded! Now playing: https://www.twitch.tv/monstercat Title: Non Stop Music - Monstercat Radio ?[0m
12:34:12.977 [lava-daemon-pool-playback-4-thread-1] INFO  c.s.l.c.natives.NativeLibraryLoader - Native library libmpg123-0: loading with filter com.sedmelluq.discord.lavaplayer.natives.ConnectorNativeLibLoader$$Lambda$215/0x00000008003e7840@465a892d
12:34:12.990 [lava-daemon-pool-playback-4-thread-1] INFO  c.s.l.c.natives.NativeLibraryLoader - Native library libmpg123-0: successfully loaded.
12:34:12.990 [lava-daemon-pool-playback-4-thread-1] INFO  c.s.l.c.natives.NativeLibraryLoader - Native library connector: loading with filter null
12:34:13.020 [lava-daemon-pool-playback-4-thread-1] INFO  c.s.l.c.natives.NativeLibraryLoader - Native library connector: successfully loaded.
12:35:37.701 [JDA [0 / 1] MainWS-ReadThread] INFO  n.c.bot.commands.music.PlayCommand - [0;34mQueued https://www.youtube.com/watch?v=BwuwYELL-tg in guild nexottest by U:cloudybyte(301780655019130880)[0m
12:35:38.648 [lava-daemon-pool-info-loader-5-thread-1] INFO  n.c.bot.core.audio.PlayerManager - [0;32mTrack was loaded! Now playing: https://www.youtube.com/watch?v=BwuwYELL-tg Title: Trap Music Radio ? Trap Samurai 24/7 - New Remixes of Popular Songs Live Stream[0m
12:35:58.617 [main] INFO  n.d.jda.api.sharding.ShardManager - Login Successful!
12:35:58.962 [JDA [0 / 1] MainWS-WriteThread] INFO  n.d.j.i.requests.WebSocketClient - Connected to WebSocket
12:35:59.218 [JDA [0 / 1] MainWS-ReadThread] INFO  net.dv8tion.jda.api.JDA - Finished Loading!
12:35:59.219 [JDA [0 / 1] MainWS-ReadThread] INFO  n.c.bot.listeners.ReadyListener - Logged in as nightplay DEV#3047
12:35:59.219 [JDA [0 / 1] MainWS-ReadThread] INFO  n.c.bot.listeners.ReadyListener - [0;32mBooted[0m
12:36:06.739 [JDA [0 / 1] MainWS-ReadThread] INFO  n.c.bot.commands.music.PlayCommand - [0;34mQueued https://www.youtube.com/watch?v=BwuwYELL-tg in guild nexottest by U:cloudybyte(301780655019130880)[0m
12:36:07.889 [lava-daemon-pool-info-loader-5-thread-1] INFO  n.c.bot.core.audio.PlayerManager - [0;32mTrack was loaded! Now playing: https://www.youtube.com/watch?v=BwuwYELL-tg Title: Trap Music Radio ? Trap Samurai 24/7 - New Remixes of Popular Songs Live Stream[0m
12:36:09.102 [lava-daemon-pool-playback-4-thread-1] INFO  c.s.l.c.natives.NativeLibraryLoader - Native library libmpg123-0: loading with filter com.sedmelluq.discord.lavaplayer.natives.ConnectorNativeLibLoader$$Lambda$261/0x000000080040ac40@3e6b4241
12:36:09.118 [lava-daemon-pool-playback-4-thread-1] INFO  c.s.l.c.natives.NativeLibraryLoader - Native library libmpg123-0: successfully loaded.
12:36:09.118 [lava-daemon-pool-playback-4-thread-1] INFO  c.s.l.c.natives.NativeLibraryLoader - Native library connector: loading with filter null
12:36:09.147 [lava-daemon-pool-playback-4-thread-1] INFO  c.s.l.c.natives.NativeLibraryLoader - Native library connector: successfully loaded.
12:36:29.154 [JDA [0 / 1] MainWS-ReadThread] INFO  n.c.bot.commands.music.PlayCommand - [0;34mQueued parents in guild nexottest by U:cloudybyte(301780655019130880)[0m
12:36:30.054 [lava-daemon-pool-info-loader-5-thread-1] INFO  n.c.bot.core.audio.PlayerManager - [0;32mTrack was loaded! Now playing: https://www.youtube.com/watch?v=oOWBsmgjmPo Title: YUNGBLUD - Parents (Official Music Video)[0m
12:49:22.246 [main] INFO  n.d.jda.api.sharding.ShardManager - Login Successful!
12:49:22.612 [JDA [0 / 1] MainWS-ReadThread] INFO  n.d.j.i.requests.WebSocketClient - Connected to WebSocket
12:49:22.871 [JDA [0 / 1] MainWS-ReadThread] INFO  net.dv8tion.jda.api.JDA - Finished Loading!
12:49:22.872 [JDA [0 / 1] MainWS-ReadThread] INFO  n.c.bot.listeners.ReadyListener - Logged in as nightplay DEV#3047
12:49:22.872 [JDA [0 / 1] MainWS-ReadThread] INFO  n.c.bot.listeners.ReadyListener - [0;32mBooted[0m
12:49:58.183 [JDA [0 / 1] MainWS-ReadThread] INFO  n.c.bot.commands.music.PlayCommand - [0;34mQueued parents in guild nexottest by U:cloudybyte(301780655019130880)[0m
12:49:59.226 [lava-daemon-pool-info-loader-5-thread-1] INFO  n.c.bot.core.audio.PlayerManager - [0;32mTrack was loaded! Now playing: https://www.youtube.com/watch?v=oOWBsmgjmPo Title: YUNGBLUD - Parents (Official Music Video)[0m
12:50:00.398 [lava-daemon-pool-playback-4-thread-1] INFO  c.s.l.c.natives.NativeLibraryLoader - Native library libmpg123-0: loading with filter com.sedmelluq.discord.lavaplayer.natives.ConnectorNativeLibLoader$$Lambda$248/0x0000000800417040@206862a7
12:50:00.407 [lava-daemon-pool-playback-4-thread-1] INFO  c.s.l.c.natives.NativeLibraryLoader - Native library libmpg123-0: successfully loaded.
12:50:00.407 [lava-daemon-pool-playback-4-thread-1] INFO  c.s.l.c.natives.NativeLibraryLoader - Native library connector: loading with filter null
12:50:00.438 [lava-daemon-pool-playback-4-thread-1] INFO  c.s.l.c.natives.NativeLibraryLoader - Native library connector: successfully loaded.
13:08:36.559 [JDA [0 / 1] MainWS-ReadThread] INFO  n.c.bot.commands.music.PlayCommand - [0;34mQueued tongue in guild GGM by U:NoRysq(318750418316296195)[0m
13:08:37.524 [lava-daemon-pool-info-loader-5-thread-1] INFO  n.c.bot.core.audio.PlayerManager - [0;32mTrack was loaded! Now playing: https://www.youtube.com/watch?v=v4-KVCT97wU Title: Marshmello x YUNGBLUD x blackbear - Tongue Tied (Official Music Video)[0m
13:15:03.921 [JDA [0 / 1] MainWS-ReadThread] INFO  n.c.bot.commands.music.PlayCommand - [0;34mQueued yungblud in guild GGM by U:NoRysq(318750418316296195)[0m
13:15:04.964 [lava-daemon-pool-info-loader-5-thread-1] INFO  n.c.bot.core.audio.PlayerManager - [0;32mTrack was loaded! Now playing: https://www.youtube.com/watch?v=tP-zl8ruUKE Title: YUNGBLUD - original me ft. dan reynolds of imagine dragons (Official Music Video)[0m
13:22:33.733 [main] INFO  n.d.jda.api.sharding.ShardManager - Login Successful!
13:22:34.093 [JDA [0 / 1] MainWS-WriteThread] INFO  n.d.j.i.requests.WebSocketClient - Connected to WebSocket
13:22:34.425 [JDA [0 / 1] MainWS-ReadThread] INFO  net.dv8tion.jda.api.JDA - Finished Loading!
13:22:34.426 [JDA [0 / 1] MainWS-ReadThread] INFO  n.c.bot.listeners.ReadyListener - Logged in as nightplay DEV#3047
13:22:34.426 [JDA [0 / 1] MainWS-ReadThread] INFO  n.c.bot.listeners.ReadyListener - [0;32mBooted[0m
13:22:56.540 [JDA [0 / 1] MainWS-ReadThread] INFO  n.c.bot.commands.music.PlayCommand - [0;34mQueued yungblud in guild GGM by U:cloudybyte(301780655019130880)[0m
13:22:57.552 [lava-daemon-pool-info-loader-5-thread-1] INFO  n.c.bot.core.audio.PlayerManager - [0;32mTrack was loaded! Now playing: https://www.youtube.com/watch?v=tP-zl8ruUKE Title: YUNGBLUD - original me ft. dan reynolds of imagine dragons (Official Music Video)[0m
13:22:58.590 [lava-daemon-pool-playback-4-thread-1] INFO  c.s.l.c.natives.NativeLibraryLoader - Native library libmpg123-0: loading with filter com.sedmelluq.discord.lavaplayer.natives.ConnectorNativeLibLoader$$Lambda$247/0x0000000800417440@3924b8fd
13:22:58.602 [lava-daemon-pool-playback-4-thread-1] INFO  c.s.l.c.natives.NativeLibraryLoader - Native library libmpg123-0: successfully loaded.
13:22:58.602 [lava-daemon-pool-playback-4-thread-1] INFO  c.s.l.c.natives.NativeLibraryLoader - Native library connector: loading with filter null
13:22:58.637 [lava-daemon-pool-playback-4-thread-1] INFO  c.s.l.c.natives.NativeLibraryLoader - Native library connector: successfully loaded.
13:23:26.838 [main] INFO  n.d.jda.api.sharding.ShardManager - Login Successful!
13:23:27.203 [JDA [0 / 1] MainWS-WriteThread] INFO  n.d.j.i.requests.WebSocketClient - Connected to WebSocket
13:23:27.513 [JDA [0 / 1] MainWS-ReadThread] INFO  net.dv8tion.jda.api.JDA - Finished Loading!
13:23:27.514 [JDA [0 / 1] MainWS-ReadThread] INFO  n.c.bot.listeners.ReadyListener - Logged in as nightplay DEV#3047
13:23:27.514 [JDA [0 / 1] MainWS-ReadThread] INFO  n.c.bot.listeners.ReadyListener - [0;32mBooted[0m
13:23:37.297 [JDA [0 / 1] MainWS-ReadThread] INFO  n.c.bot.commands.music.PlayCommand - [0;34mQueued yungblud in guild GGM by U:cloudybyte(301780655019130880)[0m
13:23:38.427 [lava-daemon-pool-info-loader-5-thread-1] INFO  n.c.bot.core.audio.PlayerManager - [0;32mTrack was loaded! Now playing: https://www.youtube.com/watch?v=tP-zl8ruUKE Title: YUNGBLUD - original me ft. dan reynolds of imagine dragons (Official Music Video)[0m
13:23:39.468 [lava-daemon-pool-playback-4-thread-1] INFO  c.s.l.c.natives.NativeLibraryLoader - Native library libmpg123-0: loading with filter com.sedmelluq.discord.lavaplayer.natives.ConnectorNativeLibLoader$$Lambda$247/0x0000000800417440@213dfe5a
13:23:39.479 [lava-daemon-pool-playback-4-thread-1] INFO  c.s.l.c.natives.NativeLibraryLoader - Native library libmpg123-0: successfully loaded.
13:23:39.479 [lava-daemon-pool-playback-4-thread-1] INFO  c.s.l.c.natives.NativeLibraryLoader - Native library connector: loading with filter null
13:23:39.510 [lava-daemon-pool-playback-4-thread-1] INFO  c.s.l.c.natives.NativeLibraryLoader - Native library connector: successfully loaded.
13:25:05.625 [main] INFO  n.d.jda.api.sharding.ShardManager - Login Successful!
13:25:05.969 [JDA [0 / 1] MainWS-ReadThread] INFO  n.d.j.i.requests.WebSocketClient - Connected to WebSocket
13:25:06.243 [JDA [0 / 1] MainWS-ReadThread] INFO  net.dv8tion.jda.api.JDA - Finished Loading!
13:25:06.244 [JDA [0 / 1] MainWS-ReadThread] INFO  n.c.bot.listeners.ReadyListener - Logged in as nightplay DEV#3047
13:25:06.244 [JDA [0 / 1] MainWS-ReadThread] INFO  n.c.bot.listeners.ReadyListener - [0;32mBooted[0m
13:25:18.992 [JDA [0 / 1] MainWS-ReadThread] INFO  n.c.bot.commands.music.PlayCommand - [0;34mQueued yungblud in guild GGM by U:cloudybyte(301780655019130880)[0m
13:25:20.089 [lava-daemon-pool-info-loader-5-thread-1] INFO  n.c.bot.core.audio.PlayerManager - [0;32mTrack was loaded! Now playing: https://www.youtube.com/watch?v=tP-zl8ruUKE Title: YUNGBLUD - original me ft. dan reynolds of imagine dragons (Official Music Video)[0m
13:25:21.171 [lava-daemon-pool-playback-4-thread-1] INFO  c.s.l.c.natives.NativeLibraryLoader - Native library libmpg123-0: loading with filter com.sedmelluq.discord.lavaplayer.natives.ConnectorNativeLibLoader$$Lambda$247/0x0000000800417440@1b4df73
13:25:21.184 [lava-daemon-pool-playback-4-thread-1] INFO  c.s.l.c.natives.NativeLibraryLoader - Native library libmpg123-0: successfully loaded.
13:25:21.184 [lava-daemon-pool-playback-4-thread-1] INFO  c.s.l.c.natives.NativeLibraryLoader - Native library connector: loading with filter null
13:25:21.214 [lava-daemon-pool-playback-4-thread-1] INFO  c.s.l.c.natives.NativeLibraryLoader - Native library connector: successfully loaded.
13:47:25.492 [JDA [0 / 1] MainWS-ReadThread] ERROR net.dv8tion.jda.api.JDA - One of the EventListeners had an uncaught exception
java.lang.NullPointerException: null
	at net.cloudybyte.bot.commands.music.SkipCommand.handle(SkipCommand.java:38)
	at net.cloudybyte.bot.core.command.CommandManager.handleCommand(CommandManager.java:72)
	at net.cloudybyte.bot.Listener.onGuildMessageReceived(Listener.java:63)
	at net.dv8tion.jda.api.hooks.ListenerAdapter.onEvent(ListenerAdapter.java:346)
	at net.dv8tion.jda.api.hooks.InterfacedEventManager.handle(InterfacedEventManager.java:96)
	at net.dv8tion.jda.internal.hooks.EventManagerProxy.handle(EventManagerProxy.java:64)
	at net.dv8tion.jda.internal.JDAImpl.handleEvent(JDAImpl.java:151)
	at net.dv8tion.jda.internal.handle.MessageCreateHandler.handleInternally(MessageCreateHandler.java:97)
	at net.dv8tion.jda.internal.handle.SocketHandler.handle(SocketHandler.java:36)
	at net.dv8tion.jda.internal.requests.WebSocketClient.onDispatch(WebSocketClient.java:853)
	at net.dv8tion.jda.internal.requests.WebSocketClient.onEvent(WebSocketClient.java:741)
	at net.dv8tion.jda.internal.requests.WebSocketClient.handleEvent(WebSocketClient.java:720)
	at net.dv8tion.jda.internal.requests.WebSocketClient.onBinaryMessage(WebSocketClient.java:891)
	at com.neovisionaries.ws.client.ListenerManager.callOnBinaryMessage(ListenerManager.java:385)
	at com.neovisionaries.ws.client.ReadingThread.callOnBinaryMessage(ReadingThread.java:276)
	at com.neovisionaries.ws.client.ReadingThread.handleBinaryFrame(ReadingThread.java:996)
	at com.neovisionaries.ws.client.ReadingThread.handleFrame(ReadingThread.java:755)
	at com.neovisionaries.ws.client.ReadingThread.main(ReadingThread.java:108)
	at com.neovisionaries.ws.client.ReadingThread.runMain(ReadingThread.java:64)
	at com.neovisionaries.ws.client.WebSocketThread.run(WebSocketThread.java:45)
14:40:14.300 [main] INFO  n.d.jda.api.sharding.ShardManager - Login Successful!
14:40:14.663 [JDA [0 / 1] MainWS-WriteThread] INFO  n.d.j.i.requests.WebSocketClient - Connected to WebSocket
14:40:14.950 [JDA [0 / 1] MainWS-ReadThread] INFO  net.dv8tion.jda.api.JDA - Finished Loading!
14:40:14.951 [JDA [0 / 1] MainWS-ReadThread] INFO  n.c.bot.listeners.ReadyListener - Logged in as nightplay DEV#3047
14:40:14.951 [JDA [0 / 1] MainWS-ReadThread] INFO  n.c.bot.listeners.ReadyListener - [0;32mBooted[0m
14:40:34.953 [main] INFO  n.d.jda.api.sharding.ShardManager - Login Successful!
14:40:35.302 [JDA [0 / 1] MainWS-ReadThread] INFO  n.d.j.i.requests.WebSocketClient - Connected to WebSocket
14:40:35.607 [JDA [0 / 1] MainWS-ReadThread] INFO  net.dv8tion.jda.api.JDA - Finished Loading!
14:40:35.608 [JDA [0 / 1] MainWS-ReadThread] INFO  n.c.bot.listeners.ReadyListener - Logged in as nightplay DEV#3047
14:40:35.608 [JDA [0 / 1] MainWS-ReadThread] INFO  n.c.bot.listeners.ReadyListener - [0;32mBooted[0m
16:11:37.366 [main] INFO  n.d.jda.api.sharding.ShardManager - Login Successful!
16:11:37.725 [JDA [0 / 1] MainWS-WriteThread] INFO  n.d.j.i.requests.WebSocketClient - Connected to WebSocket
16:11:38.009 [JDA [0 / 1] MainWS-ReadThread] INFO  net.dv8tion.jda.api.JDA - Finished Loading!
16:11:38.010 [JDA [0 / 1] MainWS-ReadThread] INFO  n.c.bot.listeners.ReadyListener - Logged in as nightplay DEV#3047
16:11:38.010 [JDA [0 / 1] MainWS-ReadThread] INFO  n.c.bot.listeners.ReadyListener - [0;32mBooted[0m
16:12:10.054 [main] INFO  n.d.jda.api.sharding.ShardManager - Login Successful!
16:12:10.499 [JDA [0 / 1] MainWS-WriteThread] INFO  n.d.j.i.requests.WebSocketClient - Connected to WebSocket
16:12:10.836 [JDA [0 / 1] MainWS-ReadThread] INFO  net.dv8tion.jda.api.JDA - Finished Loading!
16:12:10.837 [JDA [0 / 1] MainWS-ReadThread] INFO  n.c.bot.listeners.ReadyListener - Logged in as nightplay DEV#3047
16:12:10.837 [JDA [0 / 1] MainWS-ReadThread] INFO  n.c.bot.listeners.ReadyListener - [0;32mBooted[0m
16:12:51.517 [main] INFO  n.d.jda.api.sharding.ShardManager - Login Successful!
16:12:51.957 [JDA [0 / 1] MainWS-ReadThread] INFO  n.d.j.i.requests.WebSocketClient - Connected to WebSocket
16:12:52.221 [JDA [0 / 1] MainWS-ReadThread] INFO  net.dv8tion.jda.api.JDA - Finished Loading!
16:12:52.222 [JDA [0 / 1] MainWS-ReadThread] INFO  n.c.bot.listeners.ReadyListener - Logged in as nightplay DEV#3047
16:12:52.222 [JDA [0 / 1] MainWS-ReadThread] INFO  n.c.bot.listeners.ReadyListener - [0;32mBooted[0m
16:12:57.985 [JDA [0 / 1] MainWS-ReadThread] INFO  n.c.bot.commands.music.PlayCommand - [0;34mQueued parents in guild GGM by U:cloudybyte(301780655019130880)[0m
16:12:59.256 [lava-daemon-pool-info-loader-5-thread-1] INFO  n.c.bot.core.audio.PlayerManager - [0;32mTrack was loaded! Now playing: https://www.youtube.com/watch?v=oOWBsmgjmPo Title: YUNGBLUD - Parents (Official Music Video)[0m
16:13:00.402 [lava-daemon-pool-playback-4-thread-1] INFO  c.s.l.c.natives.NativeLibraryLoader - Native library libmpg123-0: loading with filter com.sedmelluq.discord.lavaplayer.natives.ConnectorNativeLibLoader$$Lambda$247/0x0000000800417440@a97d403
16:13:00.413 [lava-daemon-pool-playback-4-thread-1] INFO  c.s.l.c.natives.NativeLibraryLoader - Native library libmpg123-0: successfully loaded.
16:13:00.413 [lava-daemon-pool-playback-4-thread-1] INFO  c.s.l.c.natives.NativeLibraryLoader - Native library connector: loading with filter null
16:13:00.444 [lava-daemon-pool-playback-4-thread-1] INFO  c.s.l.c.natives.NativeLibraryLoader - Native library connector: successfully loaded.
16:13:08.228 [JDA [0 / 1] MainWS-ReadThread] ERROR net.dv8tion.jda.api.JDA - One of the EventListeners had an uncaught exception
java.lang.NullPointerException: null
	at net.cloudybyte.bot.listeners.AutoDisconnect.onGuildVoiceLeave(AutoDisconnect.java:15)
	at net.dv8tion.jda.api.hooks.ListenerAdapter.onEvent(ListenerAdapter.java:574)
	at net.dv8tion.jda.api.hooks.InterfacedEventManager.handle(InterfacedEventManager.java:96)
	at net.dv8tion.jda.internal.hooks.EventManagerProxy.handle(EventManagerProxy.java:64)
	at net.dv8tion.jda.internal.JDAImpl.handleEvent(JDAImpl.java:151)
	at net.dv8tion.jda.internal.handle.VoiceStateUpdateHandler.handleGuildVoiceState(VoiceStateUpdateHandler.java:143)
	at net.dv8tion.jda.internal.handle.VoiceStateUpdateHandler.handleInternally(VoiceStateUpdateHandler.java:50)
	at net.dv8tion.jda.internal.handle.SocketHandler.handle(SocketHandler.java:36)
	at net.dv8tion.jda.internal.requests.WebSocketClient.onDispatch(WebSocketClient.java:853)
	at net.dv8tion.jda.internal.requests.WebSocketClient.onEvent(WebSocketClient.java:741)
	at net.dv8tion.jda.internal.requests.WebSocketClient.handleEvent(WebSocketClient.java:720)
	at net.dv8tion.jda.internal.requests.WebSocketClient.onBinaryMessage(WebSocketClient.java:891)
	at com.neovisionaries.ws.client.ListenerManager.callOnBinaryMessage(ListenerManager.java:385)
	at com.neovisionaries.ws.client.ReadingThread.callOnBinaryMessage(ReadingThread.java:276)
	at com.neovisionaries.ws.client.ReadingThread.handleBinaryFrame(ReadingThread.java:996)
	at com.neovisionaries.ws.client.ReadingThread.handleFrame(ReadingThread.java:755)
	at com.neovisionaries.ws.client.ReadingThread.main(ReadingThread.java:108)
	at com.neovisionaries.ws.client.ReadingThread.runMain(ReadingThread.java:64)
	at com.neovisionaries.ws.client.WebSocketThread.run(WebSocketThread.java:45)
16:13:33.570 [JDA [0 / 1] MainWS-ReadThread] INFO  n.c.bot.commands.music.PlayCommand - [0;34mQueued parents in guild GGM by U:cloudybyte(301780655019130880)[0m
16:13:34.435 [lava-daemon-pool-info-loader-5-thread-1] INFO  n.c.bot.core.audio.PlayerManager - [0;32mTrack was loaded! Now playing: https://www.youtube.com/watch?v=oOWBsmgjmPo Title: YUNGBLUD - Parents (Official Music Video)[0m
16:13:39.346 [JDA [0 / 1] MainWS-ReadThread] ERROR net.dv8tion.jda.api.JDA - One of the EventListeners had an uncaught exception
java.lang.NullPointerException: null
	at net.cloudybyte.bot.listeners.AutoDisconnect.onGuildVoiceLeave(AutoDisconnect.java:15)
	at net.dv8tion.jda.api.hooks.ListenerAdapter.onEvent(ListenerAdapter.java:574)
	at net.dv8tion.jda.api.hooks.InterfacedEventManager.handle(InterfacedEventManager.java:96)
	at net.dv8tion.jda.internal.hooks.EventManagerProxy.handle(EventManagerProxy.java:64)
	at net.dv8tion.jda.internal.JDAImpl.handleEvent(JDAImpl.java:151)
	at net.dv8tion.jda.internal.handle.VoiceStateUpdateHandler.handleGuildVoiceState(VoiceStateUpdateHandler.java:143)
	at net.dv8tion.jda.internal.handle.VoiceStateUpdateHandler.handleInternally(VoiceStateUpdateHandler.java:50)
	at net.dv8tion.jda.internal.handle.SocketHandler.handle(SocketHandler.java:36)
	at net.dv8tion.jda.internal.requests.WebSocketClient.onDispatch(WebSocketClient.java:853)
	at net.dv8tion.jda.internal.requests.WebSocketClient.onEvent(WebSocketClient.java:741)
	at net.dv8tion.jda.internal.requests.WebSocketClient.handleEvent(WebSocketClient.java:720)
	at net.dv8tion.jda.internal.requests.WebSocketClient.onBinaryMessage(WebSocketClient.java:891)
	at com.neovisionaries.ws.client.ListenerManager.callOnBinaryMessage(ListenerManager.java:385)
	at com.neovisionaries.ws.client.ReadingThread.callOnBinaryMessage(ReadingThread.java:276)
	at com.neovisionaries.ws.client.ReadingThread.handleBinaryFrame(ReadingThread.java:996)
	at com.neovisionaries.ws.client.ReadingThread.handleFrame(ReadingThread.java:755)
	at com.neovisionaries.ws.client.ReadingThread.main(ReadingThread.java:108)
	at com.neovisionaries.ws.client.ReadingThread.runMain(ReadingThread.java:64)
	at com.neovisionaries.ws.client.WebSocketThread.run(WebSocketThread.java:45)
16:13:40.489 [JDA [0 / 1] MainWS-ReadThread] ERROR net.dv8tion.jda.api.JDA - One of the EventListeners had an uncaught exception
java.lang.NullPointerException: null
	at net.cloudybyte.bot.listeners.AutoDisconnect.onGuildVoiceLeave(AutoDisconnect.java:15)
	at net.dv8tion.jda.api.hooks.ListenerAdapter.onEvent(ListenerAdapter.java:574)
	at net.dv8tion.jda.api.hooks.InterfacedEventManager.handle(InterfacedEventManager.java:96)
	at net.dv8tion.jda.internal.hooks.EventManagerProxy.handle(EventManagerProxy.java:64)
	at net.dv8tion.jda.internal.JDAImpl.handleEvent(JDAImpl.java:151)
	at net.dv8tion.jda.internal.handle.VoiceStateUpdateHandler.handleGuildVoiceState(VoiceStateUpdateHandler.java:143)
	at net.dv8tion.jda.internal.handle.VoiceStateUpdateHandler.handleInternally(VoiceStateUpdateHandler.java:50)
	at net.dv8tion.jda.internal.handle.SocketHandler.handle(SocketHandler.java:36)
	at net.dv8tion.jda.internal.requests.WebSocketClient.onDispatch(WebSocketClient.java:853)
	at net.dv8tion.jda.internal.requests.WebSocketClient.onEvent(WebSocketClient.java:741)
	at net.dv8tion.jda.internal.requests.WebSocketClient.handleEvent(WebSocketClient.java:720)
	at net.dv8tion.jda.internal.requests.WebSocketClient.onBinaryMessage(WebSocketClient.java:891)
	at com.neovisionaries.ws.client.ListenerManager.callOnBinaryMessage(ListenerManager.java:385)
	at com.neovisionaries.ws.client.ReadingThread.callOnBinaryMessage(ReadingThread.java:276)
	at com.neovisionaries.ws.client.ReadingThread.handleBinaryFrame(ReadingThread.java:996)
	at com.neovisionaries.ws.client.ReadingThread.handleFrame(ReadingThread.java:755)
	at com.neovisionaries.ws.client.ReadingThread.main(ReadingThread.java:108)
	at com.neovisionaries.ws.client.ReadingThread.runMain(ReadingThread.java:64)
	at com.neovisionaries.ws.client.WebSocketThread.run(WebSocketThread.java:45)
18:49:03.114 [main] INFO  n.d.jda.api.sharding.ShardManager - Login Successful!
18:49:03.526 [JDA [0 / 1] MainWS-ReadThread] INFO  n.d.j.i.requests.WebSocketClient - Connected to WebSocket
18:49:03.811 [JDA [0 / 1] MainWS-ReadThread] INFO  net.dv8tion.jda.api.JDA - Finished Loading!
18:49:03.812 [JDA [0 / 1] MainWS-ReadThread] INFO  n.c.bot.listeners.ReadyListener - Logged in as nightplay DEV#3047
18:49:03.812 [JDA [0 / 1] MainWS-ReadThread] INFO  n.c.bot.listeners.ReadyListener - [0;32mBooted[0m
18:49:18.890 [JDA [0 / 1] MainWS-ReadThread] INFO  n.c.bot.commands.music.PlayCommand - [0;34mQueued Marshmello in guild GGM by U:cloudybyte(301780655019130880)[0m
18:49:20.200 [lava-daemon-pool-info-loader-5-thread-1] INFO  n.c.bot.core.audio.PlayerManager - [0;32mTrack was loaded! Now playing: https://www.youtube.com/watch?v=v4-KVCT97wU Title: Marshmello x YUNGBLUD x blackbear - Tongue Tied (Official Music Video)[0m
18:49:21.401 [lava-daemon-pool-playback-4-thread-1] INFO  c.s.l.c.natives.NativeLibraryLoader - Native library libmpg123-0: loading with filter com.sedmelluq.discord.lavaplayer.natives.ConnectorNativeLibLoader$$Lambda$247/0x0000000800417440@2b8450cf
18:49:21.412 [lava-daemon-pool-playback-4-thread-1] INFO  c.s.l.c.natives.NativeLibraryLoader - Native library libmpg123-0: successfully loaded.
18:49:21.412 [lava-daemon-pool-playback-4-thread-1] INFO  c.s.l.c.natives.NativeLibraryLoader - Native library connector: loading with filter null
18:49:21.443 [lava-daemon-pool-playback-4-thread-1] INFO  c.s.l.c.natives.NativeLibraryLoader - Native library connector: successfully loaded.
18:53:18.988 [JDA [0 / 1] MainWS-ReadThread] INFO  n.c.bot.commands.music.PlayCommand - [0;34mQueued parents in guild GGM by U:cloudybyte(301780655019130880)[0m
18:53:20.124 [lava-daemon-pool-info-loader-5-thread-1] INFO  n.c.bot.core.audio.PlayerManager - [0;32mTrack was loaded! Now playing: https://www.youtube.com/watch?v=oOWBsmgjmPo Title: YUNGBLUD - Parents (Official Music Video)[0m
18:53:37.032 [main] INFO  n.d.jda.api.sharding.ShardManager - Login Successful!
18:53:37.605 [JDA [0 / 1] MainWS-WriteThread] INFO  n.d.j.i.requests.WebSocketClient - Connected to WebSocket
18:53:37.954 [JDA [0 / 1] MainWS-ReadThread] INFO  net.dv8tion.jda.api.JDA - Finished Loading!
18:53:37.955 [JDA [0 / 1] MainWS-ReadThread] INFO  n.c.bot.listeners.ReadyListener - Logged in as nightplay DEV#3047
18:53:37.955 [JDA [0 / 1] MainWS-ReadThread] INFO  n.c.bot.listeners.ReadyListener - [0;32mBooted[0m
18:54:00.751 [JDA [0 / 1] MainWS-ReadThread] INFO  n.c.bot.commands.music.PlayCommand - [0;34mQueued Marshmello in guild GGM by U:cloudybyte(301780655019130880)[0m
18:54:02.058 [lava-daemon-pool-info-loader-5-thread-1] INFO  n.c.bot.core.audio.PlayerManager - [0;32mTrack was loaded! Now playing: https://www.youtube.com/watch?v=v4-KVCT97wU Title: Marshmello x YUNGBLUD x blackbear - Tongue Tied (Official Music Video)[0m
18:54:03.220 [lava-daemon-pool-playback-4-thread-1] INFO  c.s.l.c.natives.NativeLibraryLoader - Native library libmpg123-0: loading with filter com.sedmelluq.discord.lavaplayer.natives.ConnectorNativeLibLoader$$Lambda$247/0x0000000800417440@4855e628
18:54:03.230 [lava-daemon-pool-playback-4-thread-1] INFO  c.s.l.c.natives.NativeLibraryLoader - Native library libmpg123-0: successfully loaded.
18:54:03.231 [lava-daemon-pool-playback-4-thread-1] INFO  c.s.l.c.natives.NativeLibraryLoader - Native library connector: loading with filter null
18:54:03.257 [lava-daemon-pool-playback-4-thread-1] INFO  c.s.l.c.natives.NativeLibraryLoader - Native library connector: successfully loaded.
18:54:11.872 [JDA [0 / 1] MainWS-ReadThread] INFO  n.c.bot.commands.music.PlayCommand - [0;34mQueued YUNGBLUD in guild GGM by U:cloudybyte(301780655019130880)[0m
18:54:12.752 [lava-daemon-pool-info-loader-5-thread-1] INFO  n.c.bot.core.audio.PlayerManager - [0;32mTrack was loaded! Now playing: https://www.youtube.com/watch?v=oOWBsmgjmPo Title: YUNGBLUD - Parents (Official Music Video)[0m
22:44:53.229 [main] INFO  n.d.jda.api.sharding.ShardManager - Login Successful!
22:44:53.660 [JDA [0 / 1] MainWS-ReadThread] INFO  n.d.j.i.requests.WebSocketClient - Connected to WebSocket
22:44:53.990 [JDA [0 / 1] MainWS-ReadThread] INFO  net.dv8tion.jda.api.JDA - Finished Loading!
22:44:53.991 [JDA [0 / 1] MainWS-ReadThread] INFO  n.c.bot.listeners.ReadyListener - Logged in as nightplay DEV#3047
22:44:53.991 [JDA [0 / 1] MainWS-ReadThread] INFO  n.c.bot.listeners.ReadyListener - [0;32mBooted[0m
22:46:50.166 [main] INFO  n.d.jda.api.sharding.ShardManager - Login Successful!
22:46:50.557 [JDA [0 / 1] MainWS-WriteThread] INFO  n.d.j.i.requests.WebSocketClient - Connected to WebSocket
22:46:50.867 [JDA [0 / 1] MainWS-ReadThread] INFO  net.dv8tion.jda.api.JDA - Finished Loading!
22:46:50.868 [JDA [0 / 1] MainWS-ReadThread] INFO  n.c.bot.listeners.ReadyListener - Logged in as nightplay DEV#3047
22:46:50.868 [JDA [0 / 1] MainWS-ReadThread] INFO  n.c.bot.listeners.ReadyListener - [0;32mBooted[0m
22:47:39.641 [main] INFO  n.d.jda.api.sharding.ShardManager - Login Successful!
22:47:40.066 [JDA [0 / 1] MainWS-ReadThread] INFO  n.d.j.i.requests.WebSocketClient - Connected to WebSocket
22:47:40.354 [JDA [0 / 1] MainWS-ReadThread] INFO  net.dv8tion.jda.api.JDA - Finished Loading!
22:47:40.354 [JDA [0 / 1] MainWS-ReadThread] INFO  n.c.bot.listeners.ReadyListener - Logged in as nightplay DEV#3047
22:47:40.354 [JDA [0 / 1] MainWS-ReadThread] INFO  n.c.bot.listeners.ReadyListener - [0;32mBooted[0m
22:49:11.233 [main] INFO  n.d.jda.api.sharding.ShardManager - Login Successful!
22:49:11.632 [JDA [0 / 1] MainWS-WriteThread] INFO  n.d.j.i.requests.WebSocketClient - Connected to WebSocket
22:49:11.959 [JDA [0 / 1] MainWS-ReadThread] INFO  net.dv8tion.jda.api.JDA - Finished Loading!
22:49:11.959 [JDA [0 / 1] MainWS-ReadThread] INFO  n.c.bot.listeners.ReadyListener - Logged in as nightplay DEV#3047
22:49:11.960 [JDA [0 / 1] MainWS-ReadThread] INFO  n.c.bot.listeners.ReadyListener - [0;32mBooted[0m
22:49:40.559 [main] INFO  n.d.jda.api.sharding.ShardManager - Login Successful!
22:49:40.943 [JDA [0 / 1] MainWS-WriteThread] INFO  n.d.j.i.requests.WebSocketClient - Connected to WebSocket
22:49:41.218 [JDA [0 / 1] MainWS-ReadThread] INFO  net.dv8tion.jda.api.JDA - Finished Loading!
22:49:41.219 [JDA [0 / 1] MainWS-ReadThread] INFO  n.c.bot.listeners.ReadyListener - Logged in as nightplay DEV#3047
22:49:41.219 [JDA [0 / 1] MainWS-ReadThread] INFO  n.c.bot.listeners.ReadyListener - [0;32mBooted[0m
22:50:10.772 [main] INFO  n.d.jda.api.sharding.ShardManager - Login Successful!
22:50:11.183 [JDA [0 / 1] MainWS-ReadThread] INFO  n.d.j.i.requests.WebSocketClient - Connected to WebSocket
22:50:11.528 [JDA [0 / 1] MainWS-ReadThread] INFO  net.dv8tion.jda.api.JDA - Finished Loading!
22:50:11.529 [JDA [0 / 1] MainWS-ReadThread] INFO  n.c.bot.listeners.ReadyListener - Logged in as nightplay DEV#3047
22:50:11.529 [JDA [0 / 1] MainWS-ReadThread] INFO  n.c.bot.listeners.ReadyListener - [0;32mBooted[0m
22:51:12.262 [main] INFO  n.d.jda.api.sharding.ShardManager - Login Successful!
22:51:12.679 [JDA [0 / 1] MainWS-WriteThread] INFO  n.d.j.i.requests.WebSocketClient - Connected to WebSocket
22:51:13.023 [JDA [0 / 1] MainWS-ReadThread] INFO  net.dv8tion.jda.api.JDA - Finished Loading!
22:51:13.024 [JDA [0 / 1] MainWS-ReadThread] INFO  n.c.bot.listeners.ReadyListener - Logged in as nightplay DEV#3047
22:51:13.024 [JDA [0 / 1] MainWS-ReadThread] INFO  n.c.bot.listeners.ReadyListener - [0;32mBooted[0m
22:51:33.590 [main] INFO  n.d.jda.api.sharding.ShardManager - Login Successful!
22:51:33.999 [JDA [0 / 1] MainWS-WriteThread] INFO  n.d.j.i.requests.WebSocketClient - Connected to WebSocket
22:51:34.273 [JDA [0 / 1] MainWS-ReadThread] INFO  net.dv8tion.jda.api.JDA - Finished Loading!
22:51:34.274 [JDA [0 / 1] MainWS-ReadThread] INFO  n.c.bot.listeners.ReadyListener - Logged in as nightplay DEV#3047
22:51:34.274 [JDA [0 / 1] MainWS-ReadThread] INFO  n.c.bot.listeners.ReadyListener - [0;32mBooted[0m
23:12:46.751 [main] INFO  n.d.jda.api.sharding.ShardManager - Login Successful!
23:12:47.282 [JDA [0 / 1] MainWS-WriteThread] INFO  n.d.j.i.requests.WebSocketClient - Connected to WebSocket
23:12:47.770 [JDA [0 / 1] MainWS-ReadThread] INFO  net.dv8tion.jda.api.JDA - Finished Loading!
23:12:47.770 [JDA [0 / 1] MainWS-ReadThread] INFO  n.c.bot.listeners.ReadyListener - Logged in as nightplay DEV#3047
23:12:47.770 [JDA [0 / 1] MainWS-ReadThread] INFO  n.c.bot.listeners.ReadyListener - [0;32mBooted[0m
23:13:30.305 [JDA [0 / 1] MainWS-ReadThread] INFO  n.c.bot.commands.music.PlayCommand - [0;34mQueued Marshmello in guild nexottest by U:cloudybyte(301780655019130880)[0m
23:13:31.508 [lava-daemon-pool-info-loader-5-thread-1] INFO  n.c.bot.core.audio.PlayerManager - [0;32mTrack was loaded! Now playing: https://www.youtube.com/watch?v=v4-KVCT97wU Title: Marshmello x YUNGBLUD x blackbear - Tongue Tied (Official Music Video)[0m
23:13:32.570 [lava-daemon-pool-playback-4-thread-1] INFO  c.s.l.c.natives.NativeLibraryLoader - Native library libmpg123-0: loading with filter com.sedmelluq.discord.lavaplayer.natives.ConnectorNativeLibLoader$$Lambda$248/0x0000000800417040@3bb75787
23:13:32.581 [lava-daemon-pool-playback-4-thread-1] INFO  c.s.l.c.natives.NativeLibraryLoader - Native library libmpg123-0: successfully loaded.
23:13:32.581 [lava-daemon-pool-playback-4-thread-1] INFO  c.s.l.c.natives.NativeLibraryLoader - Native library connector: loading with filter null
23:13:32.614 [lava-daemon-pool-playback-4-thread-1] INFO  c.s.l.c.natives.NativeLibraryLoader - Native library connector: successfully loaded.
23:13:40.653 [JDA [0 / 1] MainWS-ReadThread] INFO  n.c.bot.commands.music.PlayCommand - [0;34mQueued parents in guild nexottest by U:cloudybyte(301780655019130880)[0m
23:13:41.609 [lava-daemon-pool-info-loader-5-thread-1] INFO  n.c.bot.core.audio.PlayerManager - [0;32mTrack was loaded! Now playing: https://www.youtube.com/watch?v=oOWBsmgjmPo Title: YUNGBLUD - Parents (Official Music Video)[0m
23:14:47.854 [JDA [0 / 1] MainWS-ReadThread] ERROR net.dv8tion.jda.api.JDA - One of the EventListeners had an uncaught exception
java.lang.IllegalArgumentException: Provided VoiceChannel may not be null
	at net.dv8tion.jda.internal.utils.Checks.notNull(Checks.java:56)
	at net.dv8tion.jda.internal.managers.AudioManagerImpl.openAudioConnection(AudioManagerImpl.java:75)
	at net.cloudybyte.bot.commands.music.PlayCommand.handle(PlayCommand.java:130)
	at net.cloudybyte.bot.core.command.CommandManager.handleCommand(CommandManager.java:74)
	at net.cloudybyte.bot.Listener.onGuildMessageReceived(Listener.java:63)
	at net.dv8tion.jda.api.hooks.ListenerAdapter.onEvent(ListenerAdapter.java:346)
	at net.dv8tion.jda.api.hooks.InterfacedEventManager.handle(InterfacedEventManager.java:96)
	at net.dv8tion.jda.internal.hooks.EventManagerProxy.handle(EventManagerProxy.java:64)
	at net.dv8tion.jda.internal.JDAImpl.handleEvent(JDAImpl.java:151)
	at net.dv8tion.jda.internal.handle.MessageCreateHandler.handleInternally(MessageCreateHandler.java:97)
	at net.dv8tion.jda.internal.handle.SocketHandler.handle(SocketHandler.java:36)
	at net.dv8tion.jda.internal.requests.WebSocketClient.onDispatch(WebSocketClient.java:853)
	at net.dv8tion.jda.internal.requests.WebSocketClient.onEvent(WebSocketClient.java:741)
	at net.dv8tion.jda.internal.requests.WebSocketClient.handleEvent(WebSocketClient.java:720)
	at net.dv8tion.jda.internal.requests.WebSocketClient.onBinaryMessage(WebSocketClient.java:891)
	at com.neovisionaries.ws.client.ListenerManager.callOnBinaryMessage(ListenerManager.java:385)
	at com.neovisionaries.ws.client.ReadingThread.callOnBinaryMessage(ReadingThread.java:276)
	at com.neovisionaries.ws.client.ReadingThread.handleBinaryFrame(ReadingThread.java:996)
	at com.neovisionaries.ws.client.ReadingThread.handleFrame(ReadingThread.java:755)
	at com.neovisionaries.ws.client.ReadingThread.main(ReadingThread.java:108)
	at com.neovisionaries.ws.client.ReadingThread.runMain(ReadingThread.java:64)
	at com.neovisionaries.ws.client.WebSocketThread.run(WebSocketThread.java:45)
23:14:56.711 [JDA [0 / 1] MainWS-ReadThread] INFO  n.c.bot.commands.music.PlayCommand - [0;34mQueued YUNGBLUD in guild nexottest by U:cloudybyte(301780655019130880)[0m
23:14:57.693 [lava-daemon-pool-info-loader-5-thread-1] INFO  n.c.bot.core.audio.PlayerManager - [0;32mTrack was loaded! Now playing: https://www.youtube.com/watch?v=tP-zl8ruUKE Title: YUNGBLUD - original me ft. dan reynolds of imagine dragons (Official Music Video)[0m
23:17:07.314 [JDA [0 / 1] MainWS-ReadThread] INFO  n.c.bot.commands.music.PlayCommand - [0;34mQueued marshmello in guild nexottest by U:cloudybyte(301780655019130880)[0m
23:17:08.223 [lava-daemon-pool-info-loader-5-thread-1] INFO  n.c.bot.core.audio.PlayerManager - [0;32mTrack was loaded! Now playing: https://www.youtube.com/watch?v=v4-KVCT97wU Title: Marshmello x YUNGBLUD x blackbear - Tongue Tied (Official Music Video)[0m
23:17:17.604 [JDA [0 / 1] MainWS-ReadThread] INFO  n.c.bot.commands.music.PlayCommand - [0;34mQueued your in guild nexottest by U:cloudybyte(301780655019130880)[0m
23:17:18.560 [lava-daemon-pool-info-loader-5-thread-1] INFO  n.c.bot.core.audio.PlayerManager - [0;32mTrack was loaded! Now playing: https://www.youtube.com/watch?v=V5XOwWOAQBQ Title: Hollywood Undead - Your Life (Official Video)[0m
23:17:49.160 [JDA [0 / 1] MainWS-ReadThread] INFO  n.c.bot.commands.music.PlayCommand - [0;34mQueued riot in guild nexottest by U:cloudybyte(301780655019130880)[0m
23:17:49.758 [lava-daemon-pool-info-loader-5-thread-1] INFO  n.c.bot.core.audio.PlayerManager - [0;32mTrack was loaded! Now playing: https://www.youtube.com/watch?v=PJTmVWzpDtc Title: Hollywood Undead - Riot [Lyrics Video][0m
23:18:21.670 [main] INFO  n.d.jda.api.sharding.ShardManager - Login Successful!
23:18:22.118 [JDA [0 / 1] MainWS-ReadThread] INFO  n.d.j.i.requests.WebSocketClient - Connected to WebSocket
23:18:22.404 [JDA [0 / 1] MainWS-ReadThread] INFO  net.dv8tion.jda.api.JDA - Finished Loading!
23:18:22.405 [JDA [0 / 1] MainWS-ReadThread] INFO  n.c.bot.listeners.ReadyListener - Logged in as nightplay DEV#3047
23:18:22.405 [JDA [0 / 1] MainWS-ReadThread] INFO  n.c.bot.listeners.ReadyListener - [0;32mBooted[0m
23:18:31.403 [JDA [0 / 1] MainWS-ReadThread] INFO  n.c.bot.commands.music.PlayCommand - [0;34mQueued marshmello in guild nexottest by U:cloudybyte(301780655019130880)[0m
23:18:32.515 [lava-daemon-pool-info-loader-5-thread-1] INFO  n.c.bot.core.audio.PlayerManager - [0;32mTrack was loaded! Now playing: https://www.youtube.com/watch?v=v4-KVCT97wU Title: Marshmello x YUNGBLUD x blackbear - Tongue Tied (Official Music Video)[0m
23:18:33.510 [lava-daemon-pool-playback-4-thread-1] INFO  c.s.l.c.natives.NativeLibraryLoader - Native library libmpg123-0: loading with filter com.sedmelluq.discord.lavaplayer.natives.ConnectorNativeLibLoader$$Lambda$247/0x0000000800417440@3924b8fd
23:18:33.520 [lava-daemon-pool-playback-4-thread-1] INFO  c.s.l.c.natives.NativeLibraryLoader - Native library libmpg123-0: successfully loaded.
23:18:33.520 [lava-daemon-pool-playback-4-thread-1] INFO  c.s.l.c.natives.NativeLibraryLoader - Native library connector: loading with filter null
23:18:33.550 [lava-daemon-pool-playback-4-thread-1] INFO  c.s.l.c.natives.NativeLibraryLoader - Native library connector: successfully loaded.
23:18:41.036 [JDA [0 / 1] MainWS-ReadThread] INFO  n.c.bot.commands.music.PlayCommand - [0;34mQueued riot in guild nexottest by U:cloudybyte(301780655019130880)[0m
23:18:41.759 [lava-daemon-pool-info-loader-5-thread-1] INFO  n.c.bot.core.audio.PlayerManager - [0;32mTrack was loaded! Now playing: https://www.youtube.com/watch?v=PJTmVWzpDtc Title: Hollywood Undead - Riot [Lyrics Video][0m
23:18:50.311 [JDA [0 / 1] MainWS-ReadThread] INFO  n.c.bot.commands.music.PlayCommand - [0;34mQueued your in guild nexottest by U:cloudybyte(301780655019130880)[0m
23:18:51.081 [lava-daemon-pool-info-loader-5-thread-1] INFO  n.c.bot.core.audio.PlayerManager - [0;32mTrack was loaded! Now playing: https://www.youtube.com/watch?v=V5XOwWOAQBQ Title: Hollywood Undead - Your Life (Official Video)[0m
